{"logTime": "0517/011814", "correlationVector":"q0GXuK5uiaxhdEzbwPsDjk.218","action":"GetUpdates", "result":"DeleteReceived", "context":{"id":"6ddfc82a-46a5-4205-83b3-e8b10efc9c8f", "isDeleted:":"true", "version":"1682768302707"}}
{"logTime": "0517/011814", "correlationVector":"q0GXuK5uiaxhdEzbwPsDjk.219","action":"GetUpdates", "result":"DeleteReceived", "context":{"id":"38368695-cad2-4d5f-ad03-c1347434f851", "isDeleted:":"true", "version":"1682768302708"}}
{"logTime": "0517/011814", "correlationVector":"q0GXuK5uiaxhdEzbwPsDjk.220","action":"GetUpdates", "result":"DeleteReceived", "context":{"id":"323afc16-7dbb-4806-9f8f-f17015b5def1", "isDeleted:":"true", "version":"1682768751925"}}
{"logTime": "0517/011814", "correlationVector":"q0GXuK5uiaxhdEzbwPsDjk.221","action":"GetUpdates", "result":"DeleteReceived", "context":{"id":"f69c0834-df28-4fea-bcdc-dcd0a9b23274", "isDeleted:":"true", "version":"1682768782497"}}
{"logTime": "0517/011814", "correlationVector":"q0GXuK5uiaxhdEzbwPsDjk.222","action":"GetUpdates", "result":"DeleteReceived", "context":{"id":"46579808-a2bf-47d0-ab2d-2dd2836b7193", "isDeleted:":"true", "version":"1682818275391"}}
{"logTime": "0517/011814", "correlationVector":"q0GXuK5uiaxhdEzbwPsDjk.223","action":"GetUpdates", "result":"DeleteReceived", "context":{"id":"ca84ff72-4db8-490f-839b-d46ddcd61df5", "isDeleted:":"true", "version":"1682818967256"}}
{"logTime": "0517/011814", "correlationVector":"q0GXuK5uiaxhdEzbwPsDjk.224","action":"GetUpdates", "result":"DeleteReceived", "context":{"id":"9f167110-c166-4cf5-82cd-ecc0bde10b2b", "isDeleted:":"true", "version":"1682828420731"}}
{"logTime": "0517/011814", "correlationVector":"q0GXuK5uiaxhdEzbwPsDjk.225","action":"GetUpdates", "result":"DeleteReceived", "context":{"id":"9a6da955-beaf-4e1b-8dce-a9c98c497a28", "isDeleted:":"true", "version":"1682828420732"}}
{"logTime": "0517/011814", "correlationVector":"q0GXuK5uiaxhdEzbwPsDjk.226","action":"GetUpdates", "result":"DeleteReceived", "context":{"id":"a15228bf-5390-46e3-9362-0264ba837ab5", "isDeleted:":"true", "version":"1682828420734"}}
{"logTime": "0517/011814", "correlationVector":"q0GXuK5uiaxhdEzbwPsDjk.227","action":"GetUpdates", "result":"DeleteReceived", "context":{"id":"3c8d8ce8-44c4-40bb-bfa5-5e0414498722", "isDeleted:":"true", "version":"1682828704798"}}
{"logTime": "0517/011814", "correlationVector":"q0GXuK5uiaxhdEzbwPsDjk.229","action":"GetUpdates", "result":"DeleteReceived", "context":{"id":"98f3e15f-4cdf-4f3b-ad77-0ee6112e3d8e", "isDeleted:":"true", "version":"1682840106517"}}
{"logTime": "0517/011814", "correlationVector":"q0GXuK5uiaxhdEzbwPsDjk.230","action":"GetUpdates", "result":"DeleteReceived", "context":{"id":"44370fb6-ef03-49cc-be98-17df0477ffef", "isDeleted:":"true", "version":"1682840106519"}}
{"logTime": "0517/011814", "correlationVector":"q0GXuK5uiaxhdEzbwPsDjk.231","action":"GetUpdates", "result":"DeleteReceived", "context":{"id":"723819b3-fd42-4dd4-9352-a055ab780209", "isDeleted:":"true", "version":"1682842545364"}}
{"logTime": "0517/011814", "correlationVector":"q0GXuK5uiaxhdEzbwPsDjk.232","action":"GetUpdates", "result":"DeleteReceived", "context":{"id":"ec924276-91a6-450f-a831-648e397f1d80", "isDeleted:":"true", "version":"1682857973874"}}
{"logTime": "0517/011814", "correlationVector":"q0GXuK5uiaxhdEzbwPsDjk.233","action":"GetUpdates", "result":"DeleteReceived", "context":{"id":"58af698e-4ebd-480a-8861-499effc76666", "isDeleted:":"true", "version":"1682866171236"}}
{"logTime": "0517/011814", "correlationVector":"q0GXuK5uiaxhdEzbwPsDjk.234","action":"GetUpdates", "result":"DeleteReceived", "context":{"id":"5629df88-fa62-4a0c-b58d-a60d778b2236", "isDeleted:":"true", "version":"1682866171237"}}
{"logTime": "0517/011814", "correlationVector":"q0GXuK5uiaxhdEzbwPsDjk.235","action":"GetUpdates", "result":"DeleteReceived", "context":{"id":"8736c75e-66c1-4f45-b39a-29507adfdc6a", "isDeleted:":"true", "version":"1682866171238"}}
{"logTime": "0517/011814", "correlationVector":"q0GXuK5uiaxhdEzbwPsDjk.236","action":"GetUpdates", "result":"DeleteReceived", "context":{"id":"ba3674e0-df28-4353-aa51-d760fcd6133e", "isDeleted:":"true", "version":"1682866171239"}}
{"logTime": "0517/011814", "correlationVector":"q0GXuK5uiaxhdEzbwPsDjk.237","action":"GetUpdates", "result":"DeleteReceived", "context":{"id":"eabc2edd-34a5-4ea1-9371-46d4f33d7f87", "isDeleted:":"true", "version":"1682910265719"}}
{"logTime": "0517/011814", "correlationVector":"q0GXuK5uiaxhdEzbwPsDjk.238","action":"GetUpdates", "result":"DeleteReceived", "context":{"id":"6d121b08-f23f-4003-b176-ee6c24484c34", "isDeleted:":"true", "version":"1682910265720"}}
{"logTime": "0517/011814", "correlationVector":"q0GXuK5uiaxhdEzbwPsDjk.240","action":"GetUpdates", "result":"DeleteReceived", "context":{"id":"30984d69-5ed4-4475-bf53-26903aecee42", "isDeleted:":"true", "version":"1682958497055"}}
{"logTime": "0517/011814", "correlationVector":"q0GXuK5uiaxhdEzbwPsDjk.241","action":"GetUpdates", "result":"DeleteReceived", "context":{"id":"ab7116e3-343c-464f-9611-96fd3aecfe5e", "isDeleted:":"true", "version":"1682958497057"}}
{"logTime": "0517/011814", "correlationVector":"q0GXuK5uiaxhdEzbwPsDjk.242","action":"GetUpdates", "result":"DeleteReceived", "context":{"id":"776fb2b4-38ec-4ef8-b40c-5a2a751771fb", "isDeleted:":"true", "version":"1682966836752"}}
{"logTime": "0517/011814", "correlationVector":"q0GXuK5uiaxhdEzbwPsDjk.243","action":"GetUpdates", "result":"DeleteReceived", "context":{"id":"2457026d-4409-4113-baf6-d70f837cf6e9", "isDeleted:":"true", "version":"1682966836753"}}
{"logTime": "0517/011814", "correlationVector":"q0GXuK5uiaxhdEzbwPsDjk.244","action":"GetUpdates", "result":"DeleteReceived", "context":{"id":"ff67abda-db3d-4d83-bae8-9d4fcfcf5523", "isDeleted:":"true", "version":"1683002963765"}}
{"logTime": "0517/011814", "correlationVector":"q0GXuK5uiaxhdEzbwPsDjk.245","action":"GetUpdates", "result":"DeleteReceived", "context":{"id":"dabf802a-30a3-4fad-8cce-e19d025aceab", "isDeleted:":"true", "version":"1683002963766"}}
{"logTime": "0517/011814", "correlationVector":"q0GXuK5uiaxhdEzbwPsDjk.246","action":"GetUpdates", "result":"DeleteReceived", "context":{"id":"963d04ed-4cb9-49b5-a4c8-7fd7a800a22e", "isDeleted:":"true", "version":"1683005406732"}}
{"logTime": "0517/011814", "correlationVector":"q0GXuK5uiaxhdEzbwPsDjk.247","action":"GetUpdates", "result":"DeleteReceived", "context":{"id":"b4193eea-ac1b-4f25-8669-91139fa57da4", "isDeleted:":"true", "version":"1683010497925"}}
{"logTime": "0517/011814", "correlationVector":"q0GXuK5uiaxhdEzbwPsDjk.248","action":"GetUpdates Response", "result":"SERVER_MORE_TO_DOWNLOAD", "context":Received 250 update(s).  Some updates remain.}
{"logTime": "0517/011814", "correlationVector":"5uNqRb/bEsmvF550c2bo9b","action":"Normal GetUpdate request", "result":"", "context":cV=5uNqRb/bEsmvF550c2bo9b
Nudged types: Sessions
Refresh requested types: Bookmarks, Preferences, Passwords, Autofill, Autofill Custom Data, Typed URLs, Extensions, Sessions, Extension settings, History Delete Directives, Device Info, User Consents, Send Tab To Self, Web Apps, Collection, Edge E Drop, Encryption Keys}
{"logTime": "0517/011817", "correlationVector":"5uNqRb/bEsmvF550c2bo9b.1","action":"SyncServerConnectionManagerRequest", "result":"SYNC_SERVER_OK", "context":{"environment":"Prod_SoutheastAsia_000j", "migrationStage":"NotStarted", "server":"GENERAL01000016"}}
{"logTime": "0517/011817", "correlationVector":"5uNqRb/bEsmvF550c2bo9b.2","action":"GetUpdates", "result":"DeleteReceived", "context":{"id":"2059872d-8690-439b-8ab9-80954797c52b", "isDeleted:":"true", "version":"1683010497926"}}
{"logTime": "0517/011817", "correlationVector":"5uNqRb/bEsmvF550c2bo9b.3","action":"GetUpdates", "result":"DeleteReceived", "context":{"id":"92421ee5-637a-440a-b587-7d43bdf217de", "isDeleted:":"true", "version":"1683010497927"}}
{"logTime": "0517/011817", "correlationVector":"5uNqRb/bEsmvF550c2bo9b.4","action":"GetUpdates", "result":"DeleteReceived", "context":{"id":"843af9a2-1155-48ca-b89d-e9037da38243", "isDeleted:":"true", "version":"1683010497929"}}
{"logTime": "0517/011817", "correlationVector":"5uNqRb/bEsmvF550c2bo9b.5","action":"GetUpdates", "result":"DeleteReceived", "context":{"id":"16a0004f-b08f-46fd-a352-8be986b4f473", "isDeleted:":"true", "version":"1683012390098"}}
{"logTime": "0517/011817", "correlationVector":"5uNqRb/bEsmvF550c2bo9b.6","action":"GetUpdates", "result":"DeleteReceived", "context":{"id":"63b5070a-4f0b-420f-bf29-a88bf7bf2434", "isDeleted:":"true", "version":"1683012582314"}}
{"logTime": "0517/011817", "correlationVector":"5uNqRb/bEsmvF550c2bo9b.7","action":"GetUpdates", "result":"DeleteReceived", "context":{"id":"2b33ee22-abbb-4ff2-b08a-09592f647de0", "isDeleted:":"true", "version":"1683012582315"}}
{"logTime": "0517/011817", "correlationVector":"5uNqRb/bEsmvF550c2bo9b.8","action":"GetUpdates", "result":"DeleteReceived", "context":{"id":"b86f1dfc-e8d1-4085-8f37-d1353fab57b4", "isDeleted:":"true", "version":"1683012626207"}}
{"logTime": "0517/011817", "correlationVector":"5uNqRb/bEsmvF550c2bo9b.10","action":"GetUpdates", "result":"DeleteReceived", "context":{"id":"4082b177-0927-4f2c-a44a-52fe2f211e81", "isDeleted:":"true", "version":"1683102863094"}}
{"logTime": "0517/011817", "correlationVector":"5uNqRb/bEsmvF550c2bo9b.11","action":"GetUpdates", "result":"DeleteReceived", "context":{"id":"4ec7a739-187e-4b5f-bda8-f65c9d6080ce", "isDeleted:":"true", "version":"1683107839640"}}
{"logTime": "0517/011817", "correlationVector":"5uNqRb/bEsmvF550c2bo9b.12","action":"GetUpdates", "result":"DeleteReceived", "context":{"id":"30e66b10-494b-4c93-bfe9-401338415136", "isDeleted:":"true", "version":"1683107839641"}}
{"logTime": "0517/011817", "correlationVector":"5uNqRb/bEsmvF550c2bo9b.13","action":"GetUpdates", "result":"DeleteReceived", "context":{"id":"d3292d26-30b2-45f3-8a2d-dcb91aed8866", "isDeleted:":"true", "version":"1683107839643"}}
{"logTime": "0517/011817", "correlationVector":"5uNqRb/bEsmvF550c2bo9b.14","action":"GetUpdates", "result":"DeleteReceived", "context":{"id":"00e42b84-8c4f-40e6-9183-e9a8ce469137", "isDeleted:":"true", "version":"1683177390582"}}
{"logTime": "0517/011817", "correlationVector":"5uNqRb/bEsmvF550c2bo9b.15","action":"GetUpdates", "result":"DeleteReceived", "context":{"id":"01334915-f51b-4460-9f91-ecf9a1130637", "isDeleted:":"true", "version":"1683182546047"}}
{"logTime": "0517/011817", "correlationVector":"5uNqRb/bEsmvF550c2bo9b.16","action":"GetUpdates", "result":"DeleteReceived", "context":{"id":"128a61ce-8ca9-41b2-9bbf-220a4e4514e8", "isDeleted:":"true", "version":"1683247567049"}}
{"logTime": "0517/011817", "correlationVector":"5uNqRb/bEsmvF550c2bo9b.17","action":"GetUpdates", "result":"DeleteReceived", "context":{"id":"aee8b139-47b9-461d-bac3-c8219faee74c", "isDeleted:":"true", "version":"1683265339198"}}
{"logTime": "0517/011817", "correlationVector":"5uNqRb/bEsmvF550c2bo9b.18","action":"GetUpdates", "result":"DeleteReceived", "context":{"id":"5dfa9ede-1081-4aaf-909a-3f1a1198e89c", "isDeleted:":"true", "version":"1683276255837"}}
{"logTime": "0517/011817", "correlationVector":"5uNqRb/bEsmvF550c2bo9b.19","action":"GetUpdates", "result":"DeleteReceived", "context":{"id":"0e56ac89-d221-4aba-91e6-8c439f2feecb", "isDeleted:":"true", "version":"1683276383767"}}
{"logTime": "0517/011817", "correlationVector":"5uNqRb/bEsmvF550c2bo9b.20","action":"GetUpdates", "result":"DeleteReceived", "context":{"id":"7fa538b5-a565-4f2c-8725-bc51366529d1", "isDeleted:":"true", "version":"1683291708133"}}
{"logTime": "0517/011817", "correlationVector":"5uNqRb/bEsmvF550c2bo9b.21","action":"GetUpdates", "result":"DeleteReceived", "context":{"id":"1006868d-614a-4e53-bd67-2e61d36ccf4d", "isDeleted:":"true", "version":"1683291708134"}}
{"logTime": "0517/011817", "correlationVector":"5uNqRb/bEsmvF550c2bo9b.22","action":"GetUpdates", "result":"DeleteReceived", "context":{"id":"72d09904-dfea-4c3a-87ce-21f8aa102ef7", "isDeleted:":"true", "version":"1683291708136"}}
{"logTime": "0517/011817", "correlationVector":"5uNqRb/bEsmvF550c2bo9b.23","action":"GetUpdates", "result":"DeleteReceived", "context":{"id":"b61937f2-cf17-4828-aa41-af5f4e2fa1c6", "isDeleted:":"true", "version":"1683344324765"}}
{"logTime": "0517/011817", "correlationVector":"5uNqRb/bEsmvF550c2bo9b.24","action":"GetUpdates", "result":"DeleteReceived", "context":{"id":"31016f03-6c7c-4ab3-b391-e64f2cb023ee", "isDeleted:":"true", "version":"1683344324767"}}
{"logTime": "0517/011817", "correlationVector":"5uNqRb/bEsmvF550c2bo9b.25","action":"GetUpdates", "result":"DeleteReceived", "context":{"id":"ff4b98bd-3cd2-450e-a5a2-90e13d99c741", "isDeleted:":"true", "version":"1683347740339"}}
{"logTime": "0517/011817", "correlationVector":"5uNqRb/bEsmvF550c2bo9b.26","action":"GetUpdates", "result":"DeleteReceived", "context":{"id":"963f077d-31c6-44d7-889d-f4b0b9bd691a", "isDeleted:":"true", "version":"1683347740341"}}
{"logTime": "0517/011817", "correlationVector":"5uNqRb/bEsmvF550c2bo9b.27","action":"GetUpdates", "result":"DeleteReceived", "context":{"id":"f3690008-f45d-4f29-80ae-d8be12bedae5", "isDeleted:":"true", "version":"1683364083002"}}
{"logTime": "0517/011817", "correlationVector":"5uNqRb/bEsmvF550c2bo9b.28","action":"GetUpdates", "result":"DeleteReceived", "context":{"id":"bfe3385a-8131-4a8a-85da-f54e4006c149", "isDeleted:":"true", "version":"1683364083003"}}
{"logTime": "0517/011817", "correlationVector":"5uNqRb/bEsmvF550c2bo9b.29","action":"GetUpdates", "result":"DeleteReceived", "context":{"id":"c575ddc6-c75c-481a-b0ce-c48caba331d3", "isDeleted:":"true", "version":"1683364083004"}}
{"logTime": "0517/011817", "correlationVector":"5uNqRb/bEsmvF550c2bo9b.30","action":"GetUpdates", "result":"DeleteReceived", "context":{"id":"dc8bacfd-fa49-48ac-8241-4c841e846eb1", "isDeleted:":"true", "version":"1683364083005"}}
{"logTime": "0517/011817", "correlationVector":"5uNqRb/bEsmvF550c2bo9b.31","action":"GetUpdates", "result":"DeleteReceived", "context":{"id":"2e9924bf-8257-4d8a-b56c-d1ea0a4bb20f", "isDeleted:":"true", "version":"1683364083007"}}
{"logTime": "0517/011817", "correlationVector":"5uNqRb/bEsmvF550c2bo9b.32","action":"GetUpdates", "result":"DeleteReceived", "context":{"id":"050ea6c7-a6b4-4582-8509-25152315c05c", "isDeleted:":"true", "version":"1683365356326"}}
{"logTime": "0517/011817", "correlationVector":"5uNqRb/bEsmvF550c2bo9b.33","action":"GetUpdates", "result":"DeleteReceived", "context":{"id":"17252592-67ee-437f-96f6-de995d9ad432", "isDeleted:":"true", "version":"1683366866026"}}
{"logTime": "0517/011817", "correlationVector":"5uNqRb/bEsmvF550c2bo9b.34","action":"GetUpdates", "result":"DeleteReceived", "context":{"id":"39178c76-8639-405e-870b-f7424d5cfc82", "isDeleted:":"true", "version":"1683366866027"}}
{"logTime": "0517/011817", "correlationVector":"5uNqRb/bEsmvF550c2bo9b.36","action":"GetUpdates", "result":"DeleteReceived", "context":{"id":"0c51dee3-8190-4ff1-adb4-4def28b381fd", "isDeleted:":"true", "version":"1683366866032"}}
{"logTime": "0517/011817", "correlationVector":"5uNqRb/bEsmvF550c2bo9b.37","action":"GetUpdates", "result":"DeleteReceived", "context":{"id":"50a2440a-d2af-4ccf-8ab6-f26dadd21fde", "isDeleted:":"true", "version":"1683366866033"}}
{"logTime": "0517/011817", "correlationVector":"5uNqRb/bEsmvF550c2bo9b.38","action":"GetUpdates", "result":"DeleteReceived", "context":{"id":"94269b0a-073b-4468-9b5b-495aec644238", "isDeleted:":"true", "version":"1683367246440"}}
{"logTime": "0517/011817", "correlationVector":"5uNqRb/bEsmvF550c2bo9b.39","action":"GetUpdates", "result":"DeleteReceived", "context":{"id":"9c0d5e6e-cdbf-4441-be28-fd57d092a67a", "isDeleted:":"true", "version":"1683367246441"}}
{"logTime": "0517/011817", "correlationVector":"5uNqRb/bEsmvF550c2bo9b.40","action":"GetUpdates", "result":"DeleteReceived", "context":{"id":"14600474-527a-4c29-a479-555c9fbd7aa4", "isDeleted:":"true", "version":"1683367374426"}}
{"logTime": "0517/011817", "correlationVector":"5uNqRb/bEsmvF550c2bo9b.41","action":"GetUpdates", "result":"DeleteReceived", "context":{"id":"4476bab9-75b8-44f8-942f-31b406283a5f", "isDeleted:":"true", "version":"1683367737039"}}
{"logTime": "0517/011817", "correlationVector":"5uNqRb/bEsmvF550c2bo9b.42","action":"GetUpdates", "result":"DeleteReceived", "context":{"id":"07c138b1-c13e-483f-999f-05f78242f343", "isDeleted:":"true", "version":"1683368155043"}}
{"logTime": "0517/011817", "correlationVector":"5uNqRb/bEsmvF550c2bo9b.43","action":"GetUpdates", "result":"DeleteReceived", "context":{"id":"62487670-a4fe-4ec6-a040-5ad4d9728886", "isDeleted:":"true", "version":"1683368155045"}}
{"logTime": "0517/011817", "correlationVector":"5uNqRb/bEsmvF550c2bo9b.44","action":"GetUpdates", "result":"DeleteReceived", "context":{"id":"cf099d7d-efd7-465a-ba83-90da49638d4c", "isDeleted:":"true", "version":"1683368557712"}}
{"logTime": "0517/011817", "correlationVector":"5uNqRb/bEsmvF550c2bo9b.45","action":"GetUpdates", "result":"DeleteReceived", "context":{"id":"5b013caa-ec32-4f92-becd-5c7f8b823b83", "isDeleted:":"true", "version":"1683368694186"}}
{"logTime": "0517/011817", "correlationVector":"5uNqRb/bEsmvF550c2bo9b.46","action":"GetUpdates", "result":"DeleteReceived", "context":{"id":"e61bb6ac-7333-4533-bd7c-bf61286d7a3b", "isDeleted:":"true", "version":"1683368694187"}}
{"logTime": "0517/011817", "correlationVector":"5uNqRb/bEsmvF550c2bo9b.48","action":"GetUpdates", "result":"DeleteReceived", "context":{"id":"68ae9c89-92c9-4df1-b3d5-dcd194687ab7", "isDeleted:":"true", "version":"1683369237655"}}
{"logTime": "0517/011817", "correlationVector":"5uNqRb/bEsmvF550c2bo9b.49","action":"GetUpdates", "result":"DeleteReceived", "context":{"id":"87464daf-00ac-44eb-b42b-392ff29d5113", "isDeleted:":"true", "version":"1683370020118"}}
{"logTime": "0517/011817", "correlationVector":"5uNqRb/bEsmvF550c2bo9b.50","action":"GetUpdates", "result":"DeleteReceived", "context":{"id":"19dfed95-4b3d-4f90-9ef0-74f5fe805089", "isDeleted:":"true", "version":"1683370020119"}}
{"logTime": "0517/011817", "correlationVector":"5uNqRb/bEsmvF550c2bo9b.51","action":"GetUpdates", "result":"DeleteReceived", "context":{"id":"9534b5cd-45f7-460c-9740-4c74cdec9d37", "isDeleted:":"true", "version":"1683370020121"}}
{"logTime": "0517/011817", "correlationVector":"5uNqRb/bEsmvF550c2bo9b.52","action":"GetUpdates", "result":"DeleteReceived", "context":{"id":"7d82980b-d93f-4d1c-9877-cf17fca6c484", "isDeleted:":"true", "version":"1683371413691"}}
{"logTime": "0517/011817", "correlationVector":"5uNqRb/bEsmvF550c2bo9b.53","action":"GetUpdates", "result":"DeleteReceived", "context":{"id":"5a9d0a49-1df3-4885-809f-c3dcb7f18852", "isDeleted:":"true", "version":"1683372319224"}}
{"logTime": "0517/011817", "correlationVector":"5uNqRb/bEsmvF550c2bo9b.54","action":"GetUpdates", "result":"DeleteReceived", "context":{"id":"ad989cfa-56f8-4495-adc4-004f9fcb282f", "isDeleted:":"true", "version":"1683377355063"}}
{"logTime": "0517/011817", "correlationVector":"5uNqRb/bEsmvF550c2bo9b.55","action":"GetUpdates", "result":"DeleteReceived", "context":{"id":"51c746b6-d097-457d-81b3-339510470fa6", "isDeleted:":"true", "version":"1683379433204"}}
{"logTime": "0517/011817", "correlationVector":"5uNqRb/bEsmvF550c2bo9b.56","action":"GetUpdates", "result":"DeleteReceived", "context":{"id":"64f07538-04a9-4050-8f60-69fdc80a47fa", "isDeleted:":"true", "version":"1683379433205"}}
{"logTime": "0517/011817", "correlationVector":"5uNqRb/bEsmvF550c2bo9b.57","action":"GetUpdates", "result":"DeleteReceived", "context":{"id":"39848579-31b5-429e-a7c3-7e08439bda84", "isDeleted:":"true", "version":"1683380908774"}}
{"logTime": "0517/011817", "correlationVector":"5uNqRb/bEsmvF550c2bo9b.58","action":"GetUpdates", "result":"DeleteReceived", "context":{"id":"7e41ac06-47e8-41c6-ba46-f0a56e362fda", "isDeleted:":"true", "version":"1683381796634"}}
{"logTime": "0517/011817", "correlationVector":"5uNqRb/bEsmvF550c2bo9b.60","action":"GetUpdates", "result":"DeleteReceived", "context":{"id":"5210744b-bd4a-4940-a85c-7a6e84d8c458", "isDeleted:":"true", "version":"1683384977015"}}
{"logTime": "0517/011817", "correlationVector":"5uNqRb/bEsmvF550c2bo9b.61","action":"GetUpdates", "result":"DeleteReceived", "context":{"id":"7610cef4-cd38-4ed5-a227-7a1add50099e", "isDeleted:":"true", "version":"1683390996627"}}
{"logTime": "0517/011817", "correlationVector":"5uNqRb/bEsmvF550c2bo9b.62","action":"GetUpdates", "result":"DeleteReceived", "context":{"id":"571bf21b-1964-4236-9ad4-2c7a06327064", "isDeleted:":"true", "version":"1683424636449"}}
{"logTime": "0517/011817", "correlationVector":"5uNqRb/bEsmvF550c2bo9b.63","action":"GetUpdates", "result":"DeleteReceived", "context":{"id":"2645d040-e1c2-473c-aeea-69debdbdf7e2", "isDeleted:":"true", "version":"1683438038608"}}
{"logTime": "0517/011817", "correlationVector":"5uNqRb/bEsmvF550c2bo9b.64","action":"GetUpdates", "result":"DeleteReceived", "context":{"id":"0c086cba-492f-472c-93dd-893892a24a66", "isDeleted:":"true", "version":"1683470096060"}}
{"logTime": "0517/011817", "correlationVector":"5uNqRb/bEsmvF550c2bo9b.65","action":"GetUpdates", "result":"DeleteReceived", "context":{"id":"5bb8e79e-af72-4229-89e5-9ac9ef3f461c", "isDeleted:":"true", "version":"1683478185926"}}
{"logTime": "0517/011817", "correlationVector":"5uNqRb/bEsmvF550c2bo9b.66","action":"GetUpdates", "result":"DeleteReceived", "context":{"id":"253e8e3f-fbb1-4e5b-92a8-42ce4fafc997", "isDeleted:":"true", "version":"1683479214049"}}
{"logTime": "0517/011817", "correlationVector":"5uNqRb/bEsmvF550c2bo9b.67","action":"GetUpdates", "result":"DeleteReceived", "context":{"id":"457084e9-dde8-4a84-a271-113482cab0dd", "isDeleted:":"true", "version":"1683479214051"}}
{"logTime": "0517/011817", "correlationVector":"5uNqRb/bEsmvF550c2bo9b.68","action":"GetUpdates", "result":"DeleteReceived", "context":{"id":"11a2ac06-b70f-4261-bcec-e8fb798aed1b", "isDeleted:":"true", "version":"1683523107424"}}
{"logTime": "0517/011817", "correlationVector":"5uNqRb/bEsmvF550c2bo9b.69","action":"GetUpdates", "result":"DeleteReceived", "context":{"id":"6deb5632-8ca3-417a-9ede-e096c265fcc9", "isDeleted:":"true", "version":"1683525019281"}}
{"logTime": "0517/011817", "correlationVector":"5uNqRb/bEsmvF550c2bo9b.70","action":"GetUpdates", "result":"DeleteReceived", "context":{"id":"5a73561a-b638-46bb-99ec-52134c0909fc", "isDeleted:":"true", "version":"1683528137268"}}
{"logTime": "0517/011817", "correlationVector":"5uNqRb/bEsmvF550c2bo9b.71","action":"GetUpdates", "result":"DeleteReceived", "context":{"id":"9cef3ac8-b4ff-4717-8553-7e30ebdcc397", "isDeleted:":"true", "version":"1683530251065"}}
{"logTime": "0517/011817", "correlationVector":"5uNqRb/bEsmvF550c2bo9b.72","action":"GetUpdates", "result":"DeleteReceived", "context":{"id":"8b5f8696-35e8-4948-a716-20fd528b313e", "isDeleted:":"true", "version":"1683535940358"}}
{"logTime": "0517/011817", "correlationVector":"5uNqRb/bEsmvF550c2bo9b.73","action":"GetUpdates", "result":"DeleteReceived", "context":{"id":"3c6a49df-e1ef-436f-99fa-062187e47bf4", "isDeleted:":"true", "version":"1683542376605"}}
{"logTime": "0517/011817", "correlationVector":"5uNqRb/bEsmvF550c2bo9b.74","action":"GetUpdates", "result":"DeleteReceived", "context":{"id":"bd04b460-cb40-4168-b046-8ff02d4bb9c6", "isDeleted:":"true", "version":"1683543624350"}}
{"logTime": "0517/011817", "correlationVector":"5uNqRb/bEsmvF550c2bo9b.75","action":"GetUpdates", "result":"DeleteReceived", "context":{"id":"01a9f353-8d41-4ff2-b8f4-10b08feb54de", "isDeleted:":"true", "version":"1683547145413"}}
{"logTime": "0517/011817", "correlationVector":"5uNqRb/bEsmvF550c2bo9b.76","action":"GetUpdates", "result":"DeleteReceived", "context":{"id":"54dfad08-c97e-481c-9553-d6e86a4ea5e1", "isDeleted:":"true", "version":"1683551719092"}}
{"logTime": "0517/011817", "correlationVector":"5uNqRb/bEsmvF550c2bo9b.77","action":"GetUpdates", "result":"DeleteReceived", "context":{"id":"9ee288fe-a9ce-4fff-992d-b4145b2f1678", "isDeleted:":"true", "version":"1683552185642"}}
{"logTime": "0517/011817", "correlationVector":"5uNqRb/bEsmvF550c2bo9b.78","action":"GetUpdates", "result":"DeleteReceived", "context":{"id":"0e959487-5797-4948-975f-7cadfe3d03e7", "isDeleted:":"true", "version":"1683552447698"}}
{"logTime": "0517/011817", "correlationVector":"5uNqRb/bEsmvF550c2bo9b.79","action":"GetUpdates", "result":"DeleteReceived", "context":{"id":"bd56e33b-f874-4ab3-b0ad-bb5670e8dbf8", "isDeleted:":"true", "version":"1683552455898"}}
{"logTime": "0517/011817", "correlationVector":"5uNqRb/bEsmvF550c2bo9b.80","action":"GetUpdates", "result":"DeleteReceived", "context":{"id":"02817669-1bdf-44f1-862b-9aa60524bd21", "isDeleted:":"true", "version":"1683554778055"}}
{"logTime": "0517/011817", "correlationVector":"5uNqRb/bEsmvF550c2bo9b.81","action":"GetUpdates", "result":"DeleteReceived", "context":{"id":"b58712d9-3d7d-4512-a9c0-d6342bb6c881", "isDeleted:":"true", "version":"1683558308750"}}
{"logTime": "0517/011817", "correlationVector":"5uNqRb/bEsmvF550c2bo9b.82","action":"GetUpdates", "result":"DeleteReceived", "context":{"id":"2e25bc96-6679-4145-a78e-cf04564ff6cf", "isDeleted:":"true", "version":"1683558984751"}}
{"logTime": "0517/011817", "correlationVector":"5uNqRb/bEsmvF550c2bo9b.84","action":"GetUpdates", "result":"DeleteReceived", "context":{"id":"b99e2123-444e-4e2e-8338-bf7528ca1b88", "isDeleted:":"true", "version":"1683560520024"}}
{"logTime": "0517/011817", "correlationVector":"5uNqRb/bEsmvF550c2bo9b.85","action":"GetUpdates", "result":"DeleteReceived", "context":{"id":"de644eca-9817-4924-a58c-7d636b2067dd", "isDeleted:":"true", "version":"1683560520025"}}
{"logTime": "0517/011817", "correlationVector":"5uNqRb/bEsmvF550c2bo9b.86","action":"GetUpdates", "result":"DeleteReceived", "context":{"id":"4ddfeb85-5080-48b4-beba-f1e1e8a71e25", "isDeleted:":"true", "version":"1683560520026"}}
{"logTime": "0517/011817", "correlationVector":"5uNqRb/bEsmvF550c2bo9b.87","action":"GetUpdates", "result":"DeleteReceived", "context":{"id":"8e921421-16dd-4335-a533-c73341bd68ce", "isDeleted:":"true", "version":"1683565854422"}}
{"logTime": "0517/011817", "correlationVector":"5uNqRb/bEsmvF550c2bo9b.88","action":"GetUpdates", "result":"DeleteReceived", "context":{"id":"7dce04fa-d4e2-4619-b399-3d4f4544a3ec", "isDeleted:":"true", "version":"1683566136231"}}
{"logTime": "0517/011817", "correlationVector":"5uNqRb/bEsmvF550c2bo9b.89","action":"GetUpdates", "result":"DeleteReceived", "context":{"id":"6b88fa10-bba9-4319-8dfb-f227c62e6c46", "isDeleted:":"true", "version":"1683626100474"}}
{"logTime": "0517/011817", "correlationVector":"5uNqRb/bEsmvF550c2bo9b.90","action":"GetUpdates", "result":"DeleteReceived", "context":{"id":"d3efba1d-36bb-4f97-a2a3-7c35b60aa1df", "isDeleted:":"true", "version":"1683627808099"}}
{"logTime": "0517/011817", "correlationVector":"5uNqRb/bEsmvF550c2bo9b.91","action":"GetUpdates", "result":"DeleteReceived", "context":{"id":"a6095a58-26e1-4e39-b986-bd130eb0a1a9", "isDeleted:":"true", "version":"1683628464717"}}
{"logTime": "0517/011817", "correlationVector":"5uNqRb/bEsmvF550c2bo9b.92","action":"GetUpdates", "result":"DeleteReceived", "context":{"id":"f903837f-3512-4f1c-b1de-5236643fd651", "isDeleted:":"true", "version":"1683628982002"}}
{"logTime": "0517/011817", "correlationVector":"5uNqRb/bEsmvF550c2bo9b.93","action":"GetUpdates", "result":"DeleteReceived", "context":{"id":"80ebd2a8-6834-481b-aa02-0ae1ef1d37d6", "isDeleted:":"true", "version":"1683628982003"}}
{"logTime": "0517/011817", "correlationVector":"5uNqRb/bEsmvF550c2bo9b.94","action":"GetUpdates", "result":"DeleteReceived", "context":{"id":"17a272b4-5f49-477a-9a44-c97d532aa909", "isDeleted:":"true", "version":"1683628982006"}}
{"logTime": "0517/011817", "correlationVector":"5uNqRb/bEsmvF550c2bo9b.95","action":"GetUpdates", "result":"DeleteReceived", "context":{"id":"da37c356-f205-4a11-a09d-ef93a65a446a", "isDeleted:":"true", "version":"1683629077185"}}
{"logTime": "0517/011817", "correlationVector":"5uNqRb/bEsmvF550c2bo9b.96","action":"GetUpdates", "result":"DeleteReceived", "context":{"id":"e005ce21-14a5-44c7-a22b-818091f90ab6", "isDeleted:":"true", "version":"1683629077186"}}
{"logTime": "0517/011817", "correlationVector":"5uNqRb/bEsmvF550c2bo9b.97","action":"GetUpdates", "result":"DeleteReceived", "context":{"id":"3fc1b1b3-8855-43d6-a5b4-69ecc2966f58", "isDeleted:":"true", "version":"1683629102517"}}
{"logTime": "0517/011817", "correlationVector":"5uNqRb/bEsmvF550c2bo9b.99","action":"GetUpdates", "result":"DeleteReceived", "context":{"id":"ce4b1a1f-b2e2-4735-bafb-23af1d74ac77", "isDeleted:":"true", "version":"1683629544283"}}
{"logTime": "0517/011817", "correlationVector":"5uNqRb/bEsmvF550c2bo9b.100","action":"GetUpdates", "result":"DeleteReceived", "context":{"id":"7b1a3d95-3547-45f2-a75c-e877b53842af", "isDeleted:":"true", "version":"1683631689729"}}
{"logTime": "0517/011817", "correlationVector":"5uNqRb/bEsmvF550c2bo9b.101","action":"GetUpdates", "result":"DeleteReceived", "context":{"id":"1aded625-97cb-44ba-a1b7-90870e0b8362", "isDeleted:":"true", "version":"1683633872069"}}
{"logTime": "0517/011817", "correlationVector":"5uNqRb/bEsmvF550c2bo9b.102","action":"GetUpdates", "result":"DeleteReceived", "context":{"id":"3843e05c-888f-4c2e-9ee8-0a461b9d51a3", "isDeleted:":"true", "version":"1683649631093"}}
{"logTime": "0517/011817", "correlationVector":"5uNqRb/bEsmvF550c2bo9b.103","action":"GetUpdates", "result":"DeleteReceived", "context":{"id":"8ede8c18-6057-4a5f-905f-be59dc78cf33", "isDeleted:":"true", "version":"1683656612091"}}
{"logTime": "0517/011817", "correlationVector":"5uNqRb/bEsmvF550c2bo9b.104","action":"GetUpdates", "result":"DeleteReceived", "context":{"id":"8237a878-5c02-46cd-b7e1-863b85f04410", "isDeleted:":"true", "version":"1683656612092"}}
{"logTime": "0517/011817", "correlationVector":"5uNqRb/bEsmvF550c2bo9b.105","action":"GetUpdates", "result":"DeleteReceived", "context":{"id":"1f795760-22a4-4592-beee-4efa6ead4729", "isDeleted:":"true", "version":"1683733799086"}}
{"logTime": "0517/011817", "correlationVector":"5uNqRb/bEsmvF550c2bo9b.106","action":"GetUpdates", "result":"DeleteReceived", "context":{"id":"0351093b-e49b-40f1-b2bc-54442361154e", "isDeleted:":"true", "version":"1683733799087"}}
{"logTime": "0517/011817", "correlationVector":"5uNqRb/bEsmvF550c2bo9b.107","action":"GetUpdates", "result":"DeleteReceived", "context":{"id":"0e2a86d0-7786-4f86-857b-600e74b289eb", "isDeleted:":"true", "version":"1683733799089"}}
{"logTime": "0517/011817", "correlationVector":"5uNqRb/bEsmvF550c2bo9b.108","action":"GetUpdates", "result":"DeleteReceived", "context":{"id":"108f986d-1213-4271-abae-b3bedb3f6832", "isDeleted:":"true", "version":"1683739611023"}}
{"logTime": "0517/011817", "correlationVector":"5uNqRb/bEsmvF550c2bo9b.109","action":"GetUpdates", "result":"DeleteReceived", "context":{"id":"f7a6bd62-2d19-49b2-ac94-4b845bf157f3", "isDeleted:":"true", "version":"1683739744955"}}
{"logTime": "0517/011817", "correlationVector":"5uNqRb/bEsmvF550c2bo9b.110","action":"GetUpdates", "result":"DeleteReceived", "context":{"id":"d9bfa3ed-506e-4381-962f-678622c57140", "isDeleted:":"true", "version":"1683748513751"}}
{"logTime": "0517/011817", "correlationVector":"5uNqRb/bEsmvF550c2bo9b.111","action":"GetUpdates", "result":"DeleteReceived", "context":{"id":"6c0203d8-df02-4c20-a291-c295560fdedb", "isDeleted:":"true", "version":"1683781811554"}}
{"logTime": "0517/011817", "correlationVector":"5uNqRb/bEsmvF550c2bo9b.112","action":"GetUpdates", "result":"DeleteReceived", "context":{"id":"85d34e50-f9e8-4df3-8761-4b747740f940", "isDeleted:":"true", "version":"1683781811555"}}
{"logTime": "0517/011817", "correlationVector":"5uNqRb/bEsmvF550c2bo9b.113","action":"GetUpdates", "result":"DeleteReceived", "context":{"id":"a10f110f-fb42-4094-97b5-c35234b93a29", "isDeleted:":"true", "version":"1683825593175"}}
{"logTime": "0517/011817", "correlationVector":"5uNqRb/bEsmvF550c2bo9b.114","action":"GetUpdates", "result":"DeleteReceived", "context":{"id":"92a46306-f7f3-4820-bb3b-15ec986fad8c", "isDeleted:":"true", "version":"1683825593176"}}
{"logTime": "0517/011817", "correlationVector":"5uNqRb/bEsmvF550c2bo9b.115","action":"GetUpdates", "result":"DeleteReceived", "context":{"id":"9850878e-cd26-45c9-8032-9a6c415f31cd", "isDeleted:":"true", "version":"1683825593178"}}
{"logTime": "0517/011817", "correlationVector":"5uNqRb/bEsmvF550c2bo9b.116","action":"GetUpdates", "result":"DeleteReceived", "context":{"id":"d64a3911-b82d-446c-a97f-1a2b5ae1f5bc", "isDeleted:":"true", "version":"1683843188336"}}
{"logTime": "0517/011817", "correlationVector":"5uNqRb/bEsmvF550c2bo9b.117","action":"GetUpdates", "result":"DeleteReceived", "context":{"id":"e1d0fae3-b13e-4437-9add-b086314a3067", "isDeleted:":"true", "version":"1683863672141"}}
{"logTime": "0517/011817", "correlationVector":"5uNqRb/bEsmvF550c2bo9b.118","action":"GetUpdates", "result":"DeleteReceived", "context":{"id":"1fc37df4-1f49-4807-92a0-1cb45135f7ac", "isDeleted:":"true", "version":"1683902997472"}}
{"logTime": "0517/011817", "correlationVector":"5uNqRb/bEsmvF550c2bo9b.119","action":"GetUpdates", "result":"DeleteReceived", "context":{"id":"feca821e-c886-41f3-9410-2aa5a1216989", "isDeleted:":"true", "version":"1683905656256"}}
{"logTime": "0517/011817", "correlationVector":"5uNqRb/bEsmvF550c2bo9b.120","action":"GetUpdates", "result":"DeleteReceived", "context":{"id":"ded44ce2-f4b8-44b5-8659-652782992dfc", "isDeleted:":"true", "version":"1683908005769"}}
{"logTime": "0517/011817", "correlationVector":"5uNqRb/bEsmvF550c2bo9b.121","action":"GetUpdates", "result":"DeleteReceived", "context":{"id":"c97b0aea-08f7-4777-bf93-e7a658181be6", "isDeleted:":"true", "version":"1683975604944"}}
{"logTime": "0517/011817", "correlationVector":"5uNqRb/bEsmvF550c2bo9b.122","action":"GetUpdates", "result":"DeleteReceived", "context":{"id":"45ddf131-8dad-4ba3-b353-88b72c15145f", "isDeleted:":"true", "version":"1683981618680"}}
{"logTime": "0517/011817", "correlationVector":"5uNqRb/bEsmvF550c2bo9b.123","action":"GetUpdates", "result":"DeleteReceived", "context":{"id":"01d64e7f-3b55-4c7c-a9b9-ac3ed80a5ac6", "isDeleted:":"true", "version":"1683985619760"}}
{"logTime": "0517/011817", "correlationVector":"5uNqRb/bEsmvF550c2bo9b.124","action":"GetUpdates", "result":"DeleteReceived", "context":{"id":"6c2c4f31-7a58-41d5-a125-965f21c76044", "isDeleted:":"true", "version":"1683996107359"}}
{"logTime": "0517/011817", "correlationVector":"5uNqRb/bEsmvF550c2bo9b.125","action":"GetUpdates", "result":"DeleteReceived", "context":{"id":"6019ed45-2610-4524-837d-007d87c7849b", "isDeleted:":"true", "version":"1683996107360"}}
{"logTime": "0517/011817", "correlationVector":"5uNqRb/bEsmvF550c2bo9b.126","action":"GetUpdates", "result":"DeleteReceived", "context":{"id":"03393f22-7d73-4940-abe5-269bbcbaf5be", "isDeleted:":"true", "version":"1683996107361"}}
{"logTime": "0517/011817", "correlationVector":"5uNqRb/bEsmvF550c2bo9b.127","action":"GetUpdates", "result":"DeleteReceived", "context":{"id":"0726b2f5-cde6-40d4-993e-35bb9e5375ef", "isDeleted:":"true", "version":"1683996107363"}}
{"logTime": "0517/011817", "correlationVector":"5uNqRb/bEsmvF550c2bo9b.129","action":"GetUpdates", "result":"DeleteReceived", "context":{"id":"6cde05e4-ded0-4a0c-ac57-df9e9eda8ca6", "isDeleted:":"true", "version":"1684039424782"}}
{"logTime": "0517/011817", "correlationVector":"5uNqRb/bEsmvF550c2bo9b.130","action":"GetUpdates", "result":"DeleteReceived", "context":{"id":"9bb9fc69-2043-432e-bcee-811b0709d801", "isDeleted:":"true", "version":"1684039424783"}}
{"logTime": "0517/011817", "correlationVector":"5uNqRb/bEsmvF550c2bo9b.131","action":"GetUpdates", "result":"DeleteReceived", "context":{"id":"3b22fea5-3e00-4c57-98e9-eb2f5aab1cab", "isDeleted:":"true", "version":"1684039424785"}}
{"logTime": "0517/011817", "correlationVector":"5uNqRb/bEsmvF550c2bo9b.132","action":"GetUpdates", "result":"DeleteReceived", "context":{"id":"ac807e13-eca9-4f24-82e0-b7cfdb84bff3", "isDeleted:":"true", "version":"1684046127943"}}
{"logTime": "0517/011817", "correlationVector":"5uNqRb/bEsmvF550c2bo9b.133","action":"GetUpdates", "result":"DeleteReceived", "context":{"id":"8a6dc802-1022-497d-921e-ca5b25741091", "isDeleted:":"true", "version":"1684046127944"}}
{"logTime": "0517/011817", "correlationVector":"5uNqRb/bEsmvF550c2bo9b.134","action":"GetUpdates", "result":"DeleteReceived", "context":{"id":"039c6a15-6334-4f3c-8a91-63d045a0bda8", "isDeleted:":"true", "version":"1684057020121"}}
{"logTime": "0517/011817", "correlationVector":"5uNqRb/bEsmvF550c2bo9b.135","action":"GetUpdates", "result":"DeleteReceived", "context":{"id":"79aadd58-82dd-40ac-ac89-313ff89f3bec", "isDeleted:":"true", "version":"1684058118829"}}
{"logTime": "0517/011817", "correlationVector":"5uNqRb/bEsmvF550c2bo9b.136","action":"GetUpdates", "result":"DeleteReceived", "context":{"id":"5d39272c-ef06-4b2a-babe-19e43fd4eb8f", "isDeleted:":"true", "version":"1684058149443"}}
{"logTime": "0517/011817", "correlationVector":"5uNqRb/bEsmvF550c2bo9b.137","action":"GetUpdates", "result":"DeleteReceived", "context":{"id":"6e024e72-bce1-4f47-b5f9-3320ab263af3", "isDeleted:":"true", "version":"1684061641100"}}
{"logTime": "0517/011817", "correlationVector":"5uNqRb/bEsmvF550c2bo9b.138","action":"GetUpdates", "result":"DeleteReceived", "context":{"id":"e899d969-94e6-4c1c-9552-fafe5db6e1c0", "isDeleted:":"true", "version":"1684065682047"}}
{"logTime": "0517/011817", "correlationVector":"5uNqRb/bEsmvF550c2bo9b.139","action":"GetUpdates", "result":"DeleteReceived", "context":{"id":"249ed062-45d2-4949-b431-7a397b87f6c1", "isDeleted:":"true", "version":"1684069984733"}}
{"logTime": "0517/011817", "correlationVector":"5uNqRb/bEsmvF550c2bo9b.140","action":"GetUpdates", "result":"DeleteReceived", "context":{"id":"1c47dcae-af06-4596-a98a-161bc8eb9fb5", "isDeleted:":"true", "version":"1684069984734"}}
{"logTime": "0517/011817", "correlationVector":"5uNqRb/bEsmvF550c2bo9b.142","action":"GetUpdates", "result":"DeleteReceived", "context":{"id":"e3a66e17-e411-43d0-8b27-f986b3da0c8d", "isDeleted:":"true", "version":"1684070735322"}}
{"logTime": "0517/011817", "correlationVector":"5uNqRb/bEsmvF550c2bo9b.143","action":"GetUpdates", "result":"DeleteReceived", "context":{"id":"8986fec6-71ae-4651-bf24-bf195c6765fb", "isDeleted:":"true", "version":"1684071028841"}}
{"logTime": "0517/011817", "correlationVector":"5uNqRb/bEsmvF550c2bo9b.144","action":"GetUpdates", "result":"DeleteReceived", "context":{"id":"73f50949-a543-42de-9049-8fbbf8767775", "isDeleted:":"true", "version":"1684082957774"}}
{"logTime": "0517/011817", "correlationVector":"5uNqRb/bEsmvF550c2bo9b.145","action":"GetUpdates", "result":"DeleteReceived", "context":{"id":"a5e9509e-269b-4baf-81c5-ff6bcc763dc2", "isDeleted:":"true", "version":"1684084380591"}}
{"logTime": "0517/011817", "correlationVector":"5uNqRb/bEsmvF550c2bo9b.146","action":"GetUpdates", "result":"DeleteReceived", "context":{"id":"898081fa-7cec-437f-9c8a-f7894ce4e678", "isDeleted:":"true", "version":"1684084499224"}}
{"logTime": "0517/011817", "correlationVector":"5uNqRb/bEsmvF550c2bo9b.147","action":"GetUpdates", "result":"DeleteReceived", "context":{"id":"1c372a29-32c8-44be-abb6-17d1549cc494", "isDeleted:":"true", "version":"1684084607402"}}
{"logTime": "0517/011817", "correlationVector":"5uNqRb/bEsmvF550c2bo9b.148","action":"GetUpdates", "result":"DeleteReceived", "context":{"id":"dbe3875e-1c53-4b1c-9958-f1deb44c35f4", "isDeleted:":"true", "version":"1684086377421"}}
{"logTime": "0517/011817", "correlationVector":"5uNqRb/bEsmvF550c2bo9b.149","action":"GetUpdates", "result":"DeleteReceived", "context":{"id":"fac416f7-2ba6-4388-8b2c-c6c93297418b", "isDeleted:":"true", "version":"1684088717344"}}
{"logTime": "0517/011817", "correlationVector":"5uNqRb/bEsmvF550c2bo9b.150","action":"GetUpdates", "result":"DeleteReceived", "context":{"id":"02d0d6b7-a6fb-4c77-96b3-d27edbd47bea", "isDeleted:":"true", "version":"1684089026745"}}
{"logTime": "0517/011817", "correlationVector":"5uNqRb/bEsmvF550c2bo9b.151","action":"GetUpdates", "result":"DeleteReceived", "context":{"id":"65f00e1e-7cd4-4857-825a-8dd7233e401e", "isDeleted:":"true", "version":"1684090162846"}}
{"logTime": "0517/011817", "correlationVector":"5uNqRb/bEsmvF550c2bo9b.153","action":"GetUpdates", "result":"DeleteReceived", "context":{"id":"49c3f651-f1c4-4072-8a7c-ddf0369fecbc", "isDeleted:":"true", "version":"1684090162849"}}
{"logTime": "0517/011817", "correlationVector":"5uNqRb/bEsmvF550c2bo9b.154","action":"GetUpdates", "result":"DeleteReceived", "context":{"id":"42dc38ff-50e8-4412-b862-0362198501c7", "isDeleted:":"true", "version":"1684090162850"}}
{"logTime": "0517/011817", "correlationVector":"5uNqRb/bEsmvF550c2bo9b.155","action":"GetUpdates", "result":"DeleteReceived", "context":{"id":"3ea976a6-9a9d-4386-9687-948e41e6b606", "isDeleted:":"true", "version":"1684090162852"}}
{"logTime": "0517/011817", "correlationVector":"5uNqRb/bEsmvF550c2bo9b.156","action":"GetUpdates", "result":"DeleteReceived", "context":{"id":"a5c3f68e-570b-4485-8725-f78d1279df76", "isDeleted:":"true", "version":"1684093875615"}}
{"logTime": "0517/011817", "correlationVector":"5uNqRb/bEsmvF550c2bo9b.158","action":"GetUpdates", "result":"DeleteReceived", "context":{"id":"496cf029-6f10-422f-b6d4-d15882bc6c55", "isDeleted:":"true", "version":"1684093875617"}}
{"logTime": "0517/011817", "correlationVector":"5uNqRb/bEsmvF550c2bo9b.159","action":"GetUpdates", "result":"DeleteReceived", "context":{"id":"3f292a8a-831c-4119-9cc8-792531c62d24", "isDeleted:":"true", "version":"1684093875618"}}
{"logTime": "0517/011817", "correlationVector":"5uNqRb/bEsmvF550c2bo9b.160","action":"GetUpdates", "result":"DeleteReceived", "context":{"id":"8b5b0ecb-92f0-4686-b632-a8d6ef2a9b17", "isDeleted:":"true", "version":"1684093875620"}}
{"logTime": "0517/011817", "correlationVector":"5uNqRb/bEsmvF550c2bo9b.161","action":"GetUpdates", "result":"DeleteReceived", "context":{"id":"f1003fd6-b0fe-49ea-ae84-b9d10ba4ed63", "isDeleted:":"true", "version":"1684093875621"}}
{"logTime": "0517/011817", "correlationVector":"5uNqRb/bEsmvF550c2bo9b.162","action":"GetUpdates", "result":"DeleteReceived", "context":{"id":"984f07e9-cdc1-41c2-ba63-cccf3743b646", "isDeleted:":"true", "version":"1684093976965"}}
{"logTime": "0517/011817", "correlationVector":"5uNqRb/bEsmvF550c2bo9b.163","action":"GetUpdates", "result":"DeleteReceived", "context":{"id":"cd7348de-1bb4-4798-9118-e7638975251d", "isDeleted:":"true", "version":"1684093976966"}}
{"logTime": "0517/011817", "correlationVector":"5uNqRb/bEsmvF550c2bo9b.164","action":"GetUpdates", "result":"DeleteReceived", "context":{"id":"be2d78e0-ab95-4646-8814-3d33a6ce9224", "isDeleted:":"true", "version":"1684128245242"}}
{"logTime": "0517/011817", "correlationVector":"5uNqRb/bEsmvF550c2bo9b.165","action":"GetUpdates", "result":"DeleteReceived", "context":{"id":"ec14e9dd-13a2-4f96-9b10-0954e23f25a7", "isDeleted:":"true", "version":"1684128245244"}}
{"logTime": "0517/011817", "correlationVector":"5uNqRb/bEsmvF550c2bo9b.166","action":"GetUpdates", "result":"DeleteReceived", "context":{"id":"4954a176-23ae-4546-b65a-51f9e8d8a36a", "isDeleted:":"true", "version":"1684130496562"}}
{"logTime": "0517/011817", "correlationVector":"5uNqRb/bEsmvF550c2bo9b.167","action":"GetUpdates", "result":"DeleteReceived", "context":{"id":"5600fa13-79b9-4be8-b717-db30dc25de79", "isDeleted:":"true", "version":"1684130531304"}}
{"logTime": "0517/011817", "correlationVector":"5uNqRb/bEsmvF550c2bo9b.168","action":"GetUpdates", "result":"DeleteReceived", "context":{"id":"5c1ae3ff-9551-47c0-8435-182a12ee01bc", "isDeleted:":"true", "version":"1684132405096"}}
{"logTime": "0517/011817", "correlationVector":"5uNqRb/bEsmvF550c2bo9b.169","action":"GetUpdates", "result":"DeleteReceived", "context":{"id":"43d0589e-ec65-4f86-8d6f-4984b80b0b43", "isDeleted:":"true", "version":"1684132405097"}}
{"logTime": "0517/011817", "correlationVector":"5uNqRb/bEsmvF550c2bo9b.170","action":"GetUpdates", "result":"DeleteReceived", "context":{"id":"249a16e2-9a31-4d13-a86a-138fab833562", "isDeleted:":"true", "version":"1684132978740"}}
{"logTime": "0517/011817", "correlationVector":"5uNqRb/bEsmvF550c2bo9b.172","action":"GetUpdates", "result":"DeleteReceived", "context":{"id":"b625eac8-3b4e-4676-9517-78cd7eb405da", "isDeleted:":"true", "version":"1684133444472"}}
{"logTime": "0517/011817", "correlationVector":"5uNqRb/bEsmvF550c2bo9b.173","action":"GetUpdates", "result":"DeleteReceived", "context":{"id":"66054b4d-8d32-43d0-a6a5-b9faf4772263", "isDeleted:":"true", "version":"1684133665591"}}
{"logTime": "0517/011817", "correlationVector":"5uNqRb/bEsmvF550c2bo9b.174","action":"GetUpdates", "result":"DeleteReceived", "context":{"id":"a6e13ec6-6e16-4607-be7f-a801d8bb8f38", "isDeleted:":"true", "version":"1684133750540"}}
{"logTime": "0517/011817", "correlationVector":"5uNqRb/bEsmvF550c2bo9b.175","action":"GetUpdates", "result":"DeleteReceived", "context":{"id":"e7049052-7197-4ca7-8d00-63ec24473ecb", "isDeleted:":"true", "version":"1684133797169"}}
{"logTime": "0517/011817", "correlationVector":"5uNqRb/bEsmvF550c2bo9b.176","action":"GetUpdates", "result":"DeleteReceived", "context":{"id":"b7bfa18c-a27e-476c-addd-ce3969291e7f", "isDeleted:":"true", "version":"1684141745925"}}
{"logTime": "0517/011817", "correlationVector":"5uNqRb/bEsmvF550c2bo9b.177","action":"GetUpdates", "result":"DeleteReceived", "context":{"id":"b8db264f-b8d0-439c-a105-7e86eafb249e", "isDeleted:":"true", "version":"1684141745927"}}
{"logTime": "0517/011817", "correlationVector":"5uNqRb/bEsmvF550c2bo9b.178","action":"GetUpdates", "result":"DeleteReceived", "context":{"id":"9ba8e86b-98bb-4db9-93a7-f5583aa49e47", "isDeleted:":"true", "version":"1684145894839"}}
{"logTime": "0517/011817", "correlationVector":"5uNqRb/bEsmvF550c2bo9b.179","action":"GetUpdates", "result":"DeleteReceived", "context":{"id":"b6f69b9b-9a83-4c65-b37d-b691c948e43b", "isDeleted:":"true", "version":"1684152128031"}}
{"logTime": "0517/011817", "correlationVector":"5uNqRb/bEsmvF550c2bo9b.180","action":"GetUpdates", "result":"DeleteReceived", "context":{"id":"d1b5236f-2841-4052-8723-250d3147b669", "isDeleted:":"true", "version":"1684152128032"}}
{"logTime": "0517/011817", "correlationVector":"5uNqRb/bEsmvF550c2bo9b.181","action":"GetUpdates", "result":"DeleteReceived", "context":{"id":"9f5c493d-f2db-43e6-aa4d-2b3d00ecbbf1", "isDeleted:":"true", "version":"1684152225255"}}
{"logTime": "0517/011817", "correlationVector":"5uNqRb/bEsmvF550c2bo9b.182","action":"GetUpdates", "result":"DeleteReceived", "context":{"id":"fdb1cdf9-d20e-406c-9f12-41f58c5330db", "isDeleted:":"true", "version":"1684159374416"}}
{"logTime": "0517/011817", "correlationVector":"5uNqRb/bEsmvF550c2bo9b.183","action":"GetUpdates", "result":"DeleteReceived", "context":{"id":"7565948f-1a2c-46b8-8457-f9a0b81c9e9a", "isDeleted:":"true", "version":"1684162031831"}}
{"logTime": "0517/011817", "correlationVector":"5uNqRb/bEsmvF550c2bo9b.184","action":"GetUpdates Response", "result":"SERVER_MORE_TO_DOWNLOAD", "context":Received 191 update(s).  Some updates remain.}
{"logTime": "0517/011817", "correlationVector":"X4/qmxwDHdFPcC6xn2RNw6","action":"Normal GetUpdate request", "result":"", "context":cV=X4/qmxwDHdFPcC6xn2RNw6
Nudged types: Sessions
Refresh requested types: Bookmarks, Preferences, Passwords, Autofill, Autofill Custom Data, Typed URLs, Extensions, Sessions, Extension settings, History Delete Directives, Device Info, User Consents, Send Tab To Self, Web Apps, Collection, Edge E Drop, Encryption Keys}
{"logTime": "0517/011817", "correlationVector":"X4/qmxwDHdFPcC6xn2RNw6.1","action":"SyncServerConnectionManagerRequest", "result":"SYNC_SERVER_OK", "context":{"environment":"Prod_SoutheastAsia_000j", "migrationStage":"NotStarted", "server":"GENERAL0100001E"}}
{"logTime": "0517/011817", "correlationVector":"X4/qmxwDHdFPcC6xn2RNw6.2","action":"GetUpdates", "result":"DeleteReceived", "context":{"id":"71545fad-521c-4c86-8016-691b4d270417", "isDeleted:":"true", "version":"1684162031832"}}
{"logTime": "0517/011817", "correlationVector":"X4/qmxwDHdFPcC6xn2RNw6.3","action":"GetUpdates", "result":"DeleteReceived", "context":{"id":"de2e4b53-2c1f-4499-a561-87125281d983", "isDeleted:":"true", "version":"1684162031834"}}
{"logTime": "0517/011817", "correlationVector":"X4/qmxwDHdFPcC6xn2RNw6.4","action":"GetUpdates", "result":"DeleteReceived", "context":{"id":"b6710115-6c49-45de-ab4e-ac4666d3a650", "isDeleted:":"true", "version":"1684164083450"}}
{"logTime": "0517/011817", "correlationVector":"X4/qmxwDHdFPcC6xn2RNw6.5","action":"GetUpdates", "result":"DeleteReceived", "context":{"id":"e392a943-7b06-4634-9130-9e6ff44e9642", "isDeleted:":"true", "version":"1684164094322"}}
{"logTime": "0517/011817", "correlationVector":"X4/qmxwDHdFPcC6xn2RNw6.6","action":"GetUpdates", "result":"DeleteReceived", "context":{"id":"733adb0e-cf49-418c-b59e-52e7e5e172ea", "isDeleted:":"true", "version":"1684166151520"}}
{"logTime": "0517/011817", "correlationVector":"X4/qmxwDHdFPcC6xn2RNw6.7","action":"GetUpdates", "result":"DeleteReceived", "context":{"id":"3cb0bf1d-4646-448d-b3c0-1e0dd8b47494", "isDeleted:":"true", "version":"1684173107246"}}
{"logTime": "0517/011817", "correlationVector":"X4/qmxwDHdFPcC6xn2RNw6.8","action":"GetUpdates", "result":"DeleteReceived", "context":{"id":"9a844ab2-f460-4fd9-905d-fa851e9d0ebf", "isDeleted:":"true", "version":"1684175626343"}}
{"logTime": "0517/011817", "correlationVector":"X4/qmxwDHdFPcC6xn2RNw6.9","action":"GetUpdates", "result":"DeleteReceived", "context":{"id":"a93c92fa-9729-4f19-b39f-6213aa20e4c2", "isDeleted:":"true", "version":"1684202629416"}}
{"logTime": "0517/011817", "correlationVector":"X4/qmxwDHdFPcC6xn2RNw6.10","action":"GetUpdates", "result":"DeleteReceived", "context":{"id":"679e80c0-fae3-44d9-8ea5-7e48aa441774", "isDeleted:":"true", "version":"1684202629417"}}
{"logTime": "0517/011817", "correlationVector":"X4/qmxwDHdFPcC6xn2RNw6.11","action":"GetUpdates", "result":"DeleteReceived", "context":{"id":"a889361b-c657-4042-89be-20386e6f66c5", "isDeleted:":"true", "version":"1684202629418"}}
{"logTime": "0517/011817", "correlationVector":"X4/qmxwDHdFPcC6xn2RNw6.12","action":"GetUpdates", "result":"DeleteReceived", "context":{"id":"68d5bb34-7683-4693-8ec4-14d50e4d01ae", "isDeleted:":"true", "version":"1684202629420"}}
{"logTime": "0517/011817", "correlationVector":"X4/qmxwDHdFPcC6xn2RNw6.13","action":"GetUpdates", "result":"DeleteReceived", "context":{"id":"dfaba05b-91d3-445c-9075-24d454213b01", "isDeleted:":"true", "version":"1684223784394"}}
{"logTime": "0517/011817", "correlationVector":"X4/qmxwDHdFPcC6xn2RNw6.14","action":"GetUpdates", "result":"DeleteReceived", "context":{"id":"fb7d112c-23ad-4ab0-8e1a-3d630d2610bb", "isDeleted:":"true", "version":"1684223784395"}}
{"logTime": "0517/011817", "correlationVector":"X4/qmxwDHdFPcC6xn2RNw6.15","action":"GetUpdates", "result":"DeleteReceived", "context":{"id":"b37a9369-e63f-4341-b32e-f7de9d8884b9", "isDeleted:":"true", "version":"1684223784397"}}
{"logTime": "0517/011817", "correlationVector":"X4/qmxwDHdFPcC6xn2RNw6.16","action":"GetUpdates", "result":"DeleteReceived", "context":{"id":"2eed02bd-1c81-4655-9a34-c8db4f466160", "isDeleted:":"true", "version":"1684227816002"}}
{"logTime": "0517/011817", "correlationVector":"X4/qmxwDHdFPcC6xn2RNw6.17","action":"GetUpdates", "result":"DeleteReceived", "context":{"id":"b9561472-c9d3-41b6-be31-9de0cbb703a6", "isDeleted:":"true", "version":"1684227816004"}}
{"logTime": "0517/011817", "correlationVector":"X4/qmxwDHdFPcC6xn2RNw6.18","action":"GetUpdates", "result":"DeleteReceived", "context":{"id":"5cef8ba8-d815-42d9-8e6b-bc1b9a566096", "isDeleted:":"true", "version":"1684231181295"}}
{"logTime": "0517/011817", "correlationVector":"X4/qmxwDHdFPcC6xn2RNw6.19","action":"GetUpdates", "result":"DeleteReceived", "context":{"id":"9299aaf8-cb4c-43e5-92d8-5085f8875b2c", "isDeleted:":"true", "version":"1684231447132"}}
{"logTime": "0517/011817", "correlationVector":"X4/qmxwDHdFPcC6xn2RNw6.20","action":"GetUpdates", "result":"DeleteReceived", "context":{"id":"8bf49eba-59e6-44c8-bb4c-d91b500642f9", "isDeleted:":"true", "version":"1684233144992"}}
{"logTime": "0517/011817", "correlationVector":"X4/qmxwDHdFPcC6xn2RNw6.21","action":"GetUpdates", "result":"DeleteReceived", "context":{"id":"6fab171a-b6a0-4377-a30e-36dcd4c78c44", "isDeleted:":"true", "version":"1684235357534"}}
{"logTime": "0517/011817", "correlationVector":"X4/qmxwDHdFPcC6xn2RNw6.22","action":"GetUpdates", "result":"DeleteReceived", "context":{"id":"3584fc35-ab63-4c26-91e0-a113fa289f06", "isDeleted:":"true", "version":"1684241723112"}}
{"logTime": "0517/011817", "correlationVector":"X4/qmxwDHdFPcC6xn2RNw6.23","action":"GetUpdates", "result":"DeleteReceived", "context":{"id":"48b6dd90-93c9-4e32-b6da-13071f6ac8dc", "isDeleted:":"true", "version":"1684254915406"}}
{"logTime": "0517/011817", "correlationVector":"X4/qmxwDHdFPcC6xn2RNw6.24","action":"GetUpdates", "result":"DeleteReceived", "context":{"id":"c1fffede-2fed-45bc-99f0-cbf8b1dbb4b7", "isDeleted:":"true", "version":"1684254915407"}}
{"logTime": "0517/011817", "correlationVector":"X4/qmxwDHdFPcC6xn2RNw6.25","action":"GetUpdates", "result":"DeleteReceived", "context":{"id":"64533160-c9a8-4dea-95a7-072b27e52c87", "isDeleted:":"true", "version":"1684254915408"}}
{"logTime": "0517/011817", "correlationVector":"X4/qmxwDHdFPcC6xn2RNw6.26","action":"GetUpdates", "result":"DeleteReceived", "context":{"id":"268f13ea-0c32-433c-91f8-1dd366b287f3", "isDeleted:":"true", "version":"1684254915409"}}
{"logTime": "0517/011817", "correlationVector":"X4/qmxwDHdFPcC6xn2RNw6.27","action":"GetUpdates", "result":"DeleteReceived", "context":{"id":"5f73703a-c70c-477e-8965-9135f05043b0", "isDeleted:":"true", "version":"1684254915411"}}
{"logTime": "0517/011817", "correlationVector":"X4/qmxwDHdFPcC6xn2RNw6.28","action":"GetUpdates", "result":"DeleteReceived", "context":{"id":"2a1d65a7-e2f1-4874-ab5c-671233d86484", "isDeleted:":"true", "version":"1684257856796"}}
{"logTime": "0517/011817", "correlationVector":"X4/qmxwDHdFPcC6xn2RNw6.29","action":"GetUpdates", "result":"DeleteReceived", "context":{"id":"4848503e-37aa-4046-ac88-f1f93d90a96d", "isDeleted:":"true", "version":"1684258768240"}}
{"logTime": "0517/011817", "correlationVector":"X4/qmxwDHdFPcC6xn2RNw6.30","action":"GetUpdates", "result":"DeleteReceived", "context":{"id":"a5e9d053-7c3c-4d6e-b780-a79bfdce6c98", "isDeleted:":"true", "version":"1684259573044"}}
{"logTime": "0517/011817", "correlationVector":"X4/qmxwDHdFPcC6xn2RNw6.31","action":"GetUpdates", "result":"DeleteReceived", "context":{"id":"2a4fcfe9-2b64-4d96-8a33-af06181f7d81", "isDeleted:":"true", "version":"1684263652817"}}
{"logTime": "0517/011817", "correlationVector":"X4/qmxwDHdFPcC6xn2RNw6.32","action":"GetUpdates", "result":"DeleteReceived", "context":{"id":"86dabee4-8e7b-4d8c-888d-fb9943469d0b", "isDeleted:":"true", "version":"1684263652819"}}
{"logTime": "0517/011817", "correlationVector":"X4/qmxwDHdFPcC6xn2RNw6.33","action":"GetUpdates", "result":"DeleteReceived", "context":{"id":"87ce83a2-e415-4244-a598-f382bcfdd867", "isDeleted:":"true", "version":"1684266224479"}}
{"logTime": "0517/011817", "correlationVector":"X4/qmxwDHdFPcC6xn2RNw6.34","action":"GetUpdates", "result":"DeleteReceived", "context":{"id":"95731e11-1f91-45a3-9075-17723bcf0e4e", "isDeleted:":"true", "version":"1684266224481"}}
{"logTime": "0517/011817", "correlationVector":"X4/qmxwDHdFPcC6xn2RNw6.35","action":"GetUpdates", "result":"DeleteReceived", "context":{"id":"d13f4006-6290-4354-8de3-02293d04d012", "isDeleted:":"true", "version":"1684266468001"}}
{"logTime": "0517/011817", "correlationVector":"X4/qmxwDHdFPcC6xn2RNw6.36","action":"GetUpdates", "result":"DeleteReceived", "context":{"id":"d152cfbd-3feb-41b4-bc76-c6d06ebce8bc", "isDeleted:":"true", "version":"1684266497390"}}
{"logTime": "0517/011817", "correlationVector":"X4/qmxwDHdFPcC6xn2RNw6.37","action":"GetUpdates", "result":"DeleteReceived", "context":{"id":"138dae94-e636-45f0-b29f-a3c7e8bd5bd1", "isDeleted:":"true", "version":"1684266614351"}}
{"logTime": "0517/011817", "correlationVector":"X4/qmxwDHdFPcC6xn2RNw6.38","action":"GetUpdates", "result":"DeleteReceived", "context":{"id":"ccf6bcd0-d5c7-46f2-b3e3-45e8fcfb3e8e", "isDeleted:":"true", "version":"1684266862955"}}
{"logTime": "0517/011817", "correlationVector":"X4/qmxwDHdFPcC6xn2RNw6.39","action":"GetUpdates", "result":"DeleteReceived", "context":{"id":"a44f14f9-9282-43c7-86c0-c67d8f2e891f", "isDeleted:":"true", "version":"1684268122589"}}
{"logTime": "0517/011817", "correlationVector":"X4/qmxwDHdFPcC6xn2RNw6.40","action":"GetUpdates", "result":"DeleteReceived", "context":{"id":"21a56b32-25b0-42f5-a283-510e7aee4634", "isDeleted:":"true", "version":"1684268122590"}}
{"logTime": "0517/011817", "correlationVector":"X4/qmxwDHdFPcC6xn2RNw6.41","action":"GetUpdates", "result":"DeleteReceived", "context":{"id":"01fbcd70-b00b-41fa-862d-9f2be5e0efa2", "isDeleted:":"true", "version":"1684268557132"}}
{"logTime": "0517/011817", "correlationVector":"X4/qmxwDHdFPcC6xn2RNw6.42","action":"GetUpdates", "result":"DeleteReceived", "context":{"id":"0e20dd95-81ba-42c0-8466-e80da19b5b94", "isDeleted:":"true", "version":"1684269712938"}}
{"logTime": "0517/011817", "correlationVector":"X4/qmxwDHdFPcC6xn2RNw6.43","action":"GetUpdates", "result":"DeleteReceived", "context":{"id":"cdcef996-851f-43ee-845d-abca018ba76e", "isDeleted:":"true", "version":"1684270697970"}}
{"logTime": "0517/011817", "correlationVector":"X4/qmxwDHdFPcC6xn2RNw6.44","action":"GetUpdates", "result":"DeleteReceived", "context":{"id":"772bdb6c-8a7e-44dd-b5b0-0efebdf546d9", "isDeleted:":"true", "version":"1684270697971"}}
{"logTime": "0517/011817", "correlationVector":"X4/qmxwDHdFPcC6xn2RNw6.45","action":"GetUpdates", "result":"DeleteReceived", "context":{"id":"a97beaa5-cf54-44fe-8bde-6e560e7e4d4c", "isDeleted:":"true", "version":"1684270697974"}}
{"logTime": "0517/011817", "correlationVector":"X4/qmxwDHdFPcC6xn2RNw6.47","action":"GetUpdates", "result":"DeleteReceived", "context":{"id":"7325828f-4643-40b0-8b86-7fc04d5fea6f", "isDeleted:":"true", "version":"1684270697977"}}
{"logTime": "0517/011817", "correlationVector":"X4/qmxwDHdFPcC6xn2RNw6.48","action":"GetUpdates", "result":"DeleteReceived", "context":{"id":"68ab7365-1657-4d74-9f86-73a7db7ac986", "isDeleted:":"true", "version":"1684270697978"}}
{"logTime": "0517/011817", "correlationVector":"X4/qmxwDHdFPcC6xn2RNw6.49","action":"GetUpdates", "result":"DeleteReceived", "context":{"id":"d6161c94-8afe-4cc8-b5f2-779658eed397", "isDeleted:":"true", "version":"1684270697980"}}
{"logTime": "0517/011817", "correlationVector":"X4/qmxwDHdFPcC6xn2RNw6.50","action":"GetUpdates", "result":"DeleteReceived", "context":{"id":"2358862c-5493-427b-bd23-b35bcdb411e5", "isDeleted:":"true", "version":"1684270733241"}}
{"logTime": "0517/011817", "correlationVector":"X4/qmxwDHdFPcC6xn2RNw6.51","action":"GetUpdates", "result":"DeleteReceived", "context":{"id":"f4ef4785-c62e-4da9-9dc9-7b1df2b895e7", "isDeleted:":"true", "version":"1684270733243"}}
{"logTime": "0517/011818", "correlationVector":"X4/qmxwDHdFPcC6xn2RNw6.52","action":"GetUpdates", "result":"DeleteReceived", "context":{"id":"2ff8d338-939d-42c6-941e-a3c78e140cfa", "isDeleted:":"true", "version":"1684270733244"}}
{"logTime": "0517/011818", "correlationVector":"X4/qmxwDHdFPcC6xn2RNw6.53","action":"GetUpdates", "result":"DeleteReceived", "context":{"id":"cf83f546-7e48-474c-b398-48fd997852dc", "isDeleted:":"true", "version":"1684271415799"}}
{"logTime": "0517/011818", "correlationVector":"X4/qmxwDHdFPcC6xn2RNw6.54","action":"GetUpdates", "result":"DeleteReceived", "context":{"id":"070e8a97-c693-4108-95bb-dc16e4b93de8", "isDeleted:":"true", "version":"1684272031848"}}
{"logTime": "0517/011818", "correlationVector":"X4/qmxwDHdFPcC6xn2RNw6.55","action":"GetUpdates", "result":"DeleteReceived", "context":{"id":"f145cf4f-6db6-4469-a1df-81bcabdd3ed7", "isDeleted:":"true", "version":"1684272031849"}}
{"logTime": "0517/011818", "correlationVector":"X4/qmxwDHdFPcC6xn2RNw6.57","action":"GetUpdates", "result":"DeleteReceived", "context":{"id":"2deee7ee-9775-4708-a5b6-2966039c34ac", "isDeleted:":"true", "version":"1684272031851"}}
{"logTime": "0517/011818", "correlationVector":"X4/qmxwDHdFPcC6xn2RNw6.58","action":"GetUpdates", "result":"DeleteReceived", "context":{"id":"52c625ec-df71-4260-a9c6-cabc9d899f85", "isDeleted:":"true", "version":"1684272031852"}}
{"logTime": "0517/011818", "correlationVector":"X4/qmxwDHdFPcC6xn2RNw6.59","action":"GetUpdates", "result":"DeleteReceived", "context":{"id":"bfb0fe17-32ea-4077-b772-b19c158c3e6c", "isDeleted:":"true", "version":"1684272031853"}}
{"logTime": "0517/011818", "correlationVector":"X4/qmxwDHdFPcC6xn2RNw6.60","action":"GetUpdates", "result":"DeleteReceived", "context":{"id":"7579b8bf-ccee-41ad-9662-7b8a7d0a54dc", "isDeleted:":"true", "version":"1684272031854"}}
{"logTime": "0517/011818", "correlationVector":"X4/qmxwDHdFPcC6xn2RNw6.61","action":"GetUpdates", "result":"DeleteReceived", "context":{"id":"42e229b9-c12e-4b1e-80c5-529020661724", "isDeleted:":"true", "version":"1684272031856"}}
{"logTime": "0517/011818", "correlationVector":"X4/qmxwDHdFPcC6xn2RNw6.62","action":"GetUpdates", "result":"DeleteReceived", "context":{"id":"929c1d27-0f51-4ea8-a126-1f802a0d4afc", "isDeleted:":"true", "version":"1684272031857"}}
{"logTime": "0517/011818", "correlationVector":"X4/qmxwDHdFPcC6xn2RNw6.63","action":"GetUpdates", "result":"DeleteReceived", "context":{"id":"019d188c-a1a5-4d11-a599-0c3592fb6a36", "isDeleted:":"true", "version":"1684272071240"}}
{"logTime": "0517/011818", "correlationVector":"X4/qmxwDHdFPcC6xn2RNw6.64","action":"GetUpdates", "result":"DeleteReceived", "context":{"id":"4cd2a804-1b0b-42d8-8ce5-c46aa81d4110", "isDeleted:":"true", "version":"1684272071242"}}
{"logTime": "0517/011818", "correlationVector":"X4/qmxwDHdFPcC6xn2RNw6.65","action":"GetUpdates", "result":"DeleteReceived", "context":{"id":"0c146e29-88e2-40a3-8eea-8d945a371506", "isDeleted:":"true", "version":"1684272071243"}}
{"logTime": "0517/011818", "correlationVector":"X4/qmxwDHdFPcC6xn2RNw6.66","action":"GetUpdates", "result":"DeleteReceived", "context":{"id":"00c54abf-0989-482e-bacf-a5ac6aff1471", "isDeleted:":"true", "version":"1684272071244"}}
{"logTime": "0517/011818", "correlationVector":"X4/qmxwDHdFPcC6xn2RNw6.67","action":"GetUpdates", "result":"DeleteReceived", "context":{"id":"2d03c701-c516-4e70-900d-a6aa0e28528c", "isDeleted:":"true", "version":"1684272071245"}}
{"logTime": "0517/011818", "correlationVector":"X4/qmxwDHdFPcC6xn2RNw6.68","action":"GetUpdates", "result":"DeleteReceived", "context":{"id":"8aca53d9-4e7e-4798-94a9-77904ce53860", "isDeleted:":"true", "version":"1684272071247"}}
{"logTime": "0517/011818", "correlationVector":"X4/qmxwDHdFPcC6xn2RNw6.69","action":"GetUpdates", "result":"DeleteReceived", "context":{"id":"75510fb4-f2d7-4ed3-898d-4d8fe12f59a6", "isDeleted:":"true", "version":"1684272071248"}}
{"logTime": "0517/011818", "correlationVector":"X4/qmxwDHdFPcC6xn2RNw6.70","action":"GetUpdates", "result":"DeleteReceived", "context":{"id":"8d61897e-a062-4fcd-af7b-f05115adf708", "isDeleted:":"true", "version":"1684272079583"}}
{"logTime": "0517/011818", "correlationVector":"X4/qmxwDHdFPcC6xn2RNw6.71","action":"GetUpdates", "result":"DeleteReceived", "context":{"id":"441f09be-09b8-4569-b5e3-a20774e4e771", "isDeleted:":"true", "version":"1684272529526"}}
{"logTime": "0517/011818", "correlationVector":"X4/qmxwDHdFPcC6xn2RNw6.72","action":"GetUpdates", "result":"DeleteReceived", "context":{"id":"96d44ff1-e36d-492a-a1cd-ac1c9f627cbc", "isDeleted:":"true", "version":"1684274180943"}}
{"logTime": "0517/011818", "correlationVector":"X4/qmxwDHdFPcC6xn2RNw6.73","action":"GetUpdates", "result":"DeleteReceived", "context":{"id":"2c7fd8b4-3e7c-41e0-8457-f658bfe14779", "isDeleted:":"true", "version":"1684274180944"}}
{"logTime": "0517/011818", "correlationVector":"X4/qmxwDHdFPcC6xn2RNw6.75","action":"GetUpdates", "result":"DeleteReceived", "context":{"id":"d09853d8-e455-4e9c-b560-9ad40d3d0f1e", "isDeleted:":"true", "version":"1684274180948"}}
{"logTime": "0517/011818", "correlationVector":"X4/qmxwDHdFPcC6xn2RNw6.76","action":"GetUpdates", "result":"DeleteReceived", "context":{"id":"2f5a65d2-0124-4bf3-b901-2108640666f5", "isDeleted:":"true", "version":"1684274180949"}}
{"logTime": "0517/011818", "correlationVector":"X4/qmxwDHdFPcC6xn2RNw6.77","action":"GetUpdates", "result":"DeleteReceived", "context":{"id":"15527684-f3c6-46b8-a51c-2915f7a33c06", "isDeleted:":"true", "version":"1684274180950"}}
{"logTime": "0517/011818", "correlationVector":"X4/qmxwDHdFPcC6xn2RNw6.78","action":"GetUpdates", "result":"DeleteReceived", "context":{"id":"4524dcc9-2ad3-42cd-b089-3e5e737441fe", "isDeleted:":"true", "version":"1684274180951"}}
{"logTime": "0517/011818", "correlationVector":"X4/qmxwDHdFPcC6xn2RNw6.80","action":"GetUpdates", "result":"DeleteReceived", "context":{"id":"1fd09107-4df5-4863-914c-599d197186d7", "isDeleted:":"true", "version":"1684274659040"}}
{"logTime": "0517/011818", "correlationVector":"X4/qmxwDHdFPcC6xn2RNw6.81","action":"GetUpdates", "result":"DeleteReceived", "context":{"id":"72f56243-d374-4fd6-aae6-e14953fd0697", "isDeleted:":"true", "version":"1684274669442"}}
{"logTime": "0517/011818", "correlationVector":"X4/qmxwDHdFPcC6xn2RNw6.82","action":"GetUpdates", "result":"DeleteReceived", "context":{"id":"7a715d2f-6d07-42a7-9431-eee1f2d5c09a", "isDeleted:":"true", "version":"1684275120804"}}
{"logTime": "0517/011818", "correlationVector":"X4/qmxwDHdFPcC6xn2RNw6.83","action":"GetUpdates", "result":"DeleteReceived", "context":{"id":"3851b56c-8914-4ea2-bb11-7bb4ecbb3dbc", "isDeleted:":"true", "version":"1684275517164"}}
{"logTime": "0517/011818", "correlationVector":"X4/qmxwDHdFPcC6xn2RNw6.85","action":"GetUpdates", "result":"DeleteReceived", "context":{"id":"d641c185-30d9-4ee1-a01c-46b7ff3ca8b7", "isDeleted:":"true", "version":"1684275517166"}}
{"logTime": "0517/011818", "correlationVector":"X4/qmxwDHdFPcC6xn2RNw6.86","action":"GetUpdates", "result":"DeleteReceived", "context":{"id":"a8dc7c35-045c-4d09-a010-2ed6bdf3b4bf", "isDeleted:":"true", "version":"1684275517167"}}
{"logTime": "0517/011818", "correlationVector":"X4/qmxwDHdFPcC6xn2RNw6.87","action":"GetUpdates", "result":"DeleteReceived", "context":{"id":"0d67e2d3-571f-4d9c-8c38-547bc5b7ab34", "isDeleted:":"true", "version":"1684275517168"}}
{"logTime": "0517/011818", "correlationVector":"X4/qmxwDHdFPcC6xn2RNw6.88","action":"GetUpdates", "result":"DeleteReceived", "context":{"id":"e32a7525-77ed-4a0a-b0e7-47146d1c0fee", "isDeleted:":"true", "version":"1684275517170"}}
{"logTime": "0517/011818", "correlationVector":"X4/qmxwDHdFPcC6xn2RNw6.90","action":"GetUpdates", "result":"DeleteReceived", "context":{"id":"8c54e384-2e6d-4c11-8e4d-c0293afbff05", "isDeleted:":"true", "version":"1684276212992"}}
{"logTime": "0517/011818", "correlationVector":"X4/qmxwDHdFPcC6xn2RNw6.91","action":"GetUpdates", "result":"DeleteReceived", "context":{"id":"be4bb98f-20ff-4547-bbb0-51bce3b0caa2", "isDeleted:":"true", "version":"1684276212994"}}
{"logTime": "0517/011818", "correlationVector":"X4/qmxwDHdFPcC6xn2RNw6.92","action":"GetUpdates", "result":"DeleteReceived", "context":{"id":"a3bb81f1-6247-43b9-a9f7-108310ce39fd", "isDeleted:":"true", "version":"1684276257930"}}
{"logTime": "0517/011818", "correlationVector":"X4/qmxwDHdFPcC6xn2RNw6.93","action":"GetUpdates", "result":"DeleteReceived", "context":{"id":"9fa104b9-0961-440d-94a7-4d98d81ee755", "isDeleted:":"true", "version":"1684276502356"}}
{"logTime": "0517/011818", "correlationVector":"X4/qmxwDHdFPcC6xn2RNw6.94","action":"GetUpdates", "result":"DeleteReceived", "context":{"id":"fd0802e2-16fa-4bb1-b074-01241c959adf", "isDeleted:":"true", "version":"1684276502357"}}
{"logTime": "0517/011818", "correlationVector":"X4/qmxwDHdFPcC6xn2RNw6.95","action":"GetUpdates", "result":"DeleteReceived", "context":{"id":"f08b2a60-7ebd-416e-a2e5-169db493bd80", "isDeleted:":"true", "version":"1684276502359"}}
{"logTime": "0517/011818", "correlationVector":"X4/qmxwDHdFPcC6xn2RNw6.96","action":"GetUpdates", "result":"DeleteReceived", "context":{"id":"ee97cd10-8829-4d6f-bc42-4fd4e2cc091e", "isDeleted:":"true", "version":"1684277264951"}}
{"logTime": "0517/011818", "correlationVector":"X4/qmxwDHdFPcC6xn2RNw6.97","action":"GetUpdates", "result":"DeleteReceived", "context":{"id":"a1635eb0-ed07-4d04-9797-b864c916263c", "isDeleted:":"true", "version":"1684277264952"}}
{"logTime": "0517/011818", "correlationVector":"X4/qmxwDHdFPcC6xn2RNw6.98","action":"GetUpdates", "result":"DeleteReceived", "context":{"id":"2ca12b14-887c-4835-8bb8-702092cfad42", "isDeleted:":"true", "version":"1684277264954"}}
{"logTime": "0517/011818", "correlationVector":"X4/qmxwDHdFPcC6xn2RNw6.99","action":"GetUpdates", "result":"DeleteReceived", "context":{"id":"c9279167-e48c-4323-a143-0cdaaebd3b1c", "isDeleted:":"true", "version":"1684277264955"}}
{"logTime": "0517/011818", "correlationVector":"X4/qmxwDHdFPcC6xn2RNw6.100","action":"GetUpdates", "result":"DeleteReceived", "context":{"id":"a331e0c9-44a4-411c-9a30-6c0f70ec9e56", "isDeleted:":"true", "version":"1684277951875"}}
{"logTime": "0517/011818", "correlationVector":"X4/qmxwDHdFPcC6xn2RNw6.101","action":"GetUpdates", "result":"DeleteReceived", "context":{"id":"9349fa6a-c914-4404-8881-4f26779fdbb3", "isDeleted:":"true", "version":"1684277951877"}}
{"logTime": "0517/011818", "correlationVector":"X4/qmxwDHdFPcC6xn2RNw6.102","action":"GetUpdates", "result":"DeleteReceived", "context":{"id":"c1079e4a-0427-450e-8ecf-0c449212b8a6", "isDeleted:":"true", "version":"1684278260977"}}
{"logTime": "0517/011818", "correlationVector":"X4/qmxwDHdFPcC6xn2RNw6.103","action":"GetUpdates", "result":"DeleteReceived", "context":{"id":"9b8c1406-580d-40e8-b020-c05c949581eb", "isDeleted:":"true", "version":"1684278436270"}}
{"logTime": "0517/011818", "correlationVector":"X4/qmxwDHdFPcC6xn2RNw6.104","action":"GetUpdates", "result":"DeleteReceived", "context":{"id":"ffde0b49-6937-41dd-8e42-d7c0dfd312f9", "isDeleted:":"true", "version":"1684279252152"}}
{"logTime": "0517/011818", "correlationVector":"X4/qmxwDHdFPcC6xn2RNw6.105","action":"GetUpdates", "result":"DeleteReceived", "context":{"id":"2fdfde66-b130-493c-bd7a-50842cbbdd45", "isDeleted:":"true", "version":"1684280718861"}}
{"logTime": "0517/011818", "correlationVector":"X4/qmxwDHdFPcC6xn2RNw6.106","action":"GetUpdates", "result":"DeleteReceived", "context":{"id":"3e513331-bf6b-40b8-9b89-cd8cb3427a18", "isDeleted:":"true", "version":"1684280718862"}}
{"logTime": "0517/011818", "correlationVector":"X4/qmxwDHdFPcC6xn2RNw6.107","action":"GetUpdates", "result":"DeleteReceived", "context":{"id":"753b6867-1a89-4578-b483-ccb46aa2a75a", "isDeleted:":"true", "version":"1684280718863"}}
{"logTime": "0517/011818", "correlationVector":"X4/qmxwDHdFPcC6xn2RNw6.108","action":"GetUpdates", "result":"DeleteReceived", "context":{"id":"53fc9fbb-4014-42c7-878e-d1a99747f777", "isDeleted:":"true", "version":"1684280718864"}}
{"logTime": "0517/011818", "correlationVector":"X4/qmxwDHdFPcC6xn2RNw6.109","action":"GetUpdates", "result":"DeleteReceived", "context":{"id":"4146dc5b-7e46-454c-bf7d-b7e8df3f3ac3", "isDeleted:":"true", "version":"1684280718865"}}
{"logTime": "0517/011818", "correlationVector":"X4/qmxwDHdFPcC6xn2RNw6.110","action":"GetUpdates", "result":"DeleteReceived", "context":{"id":"84f10ef2-8cfa-47f8-ad7b-d4bc76ffe9d2", "isDeleted:":"true", "version":"1684280718866"}}
{"logTime": "0517/011818", "correlationVector":"X4/qmxwDHdFPcC6xn2RNw6.111","action":"GetUpdates", "result":"DeleteReceived", "context":{"id":"03e7085d-71f1-42b9-a89a-ee2b59a13a99", "isDeleted:":"true", "version":"1684280718868"}}
{"logTime": "0517/011818", "correlationVector":"X4/qmxwDHdFPcC6xn2RNw6.113","action":"GetUpdates", "result":"DeleteReceived", "context":{"id":"e2d10d80-03aa-474b-8664-21a507555a53", "isDeleted:":"true", "version":"1684280894065"}}
{"logTime": "0517/011818", "correlationVector":"X4/qmxwDHdFPcC6xn2RNw6.114","action":"GetUpdates", "result":"DeleteReceived", "context":{"id":"56c55fd9-723e-48df-bf07-a5b473fbc893", "isDeleted:":"true", "version":"1684281217863"}}
{"logTime": "0517/011818", "correlationVector":"X4/qmxwDHdFPcC6xn2RNw6.115","action":"GetUpdates", "result":"DeleteReceived", "context":{"id":"9901c727-9cf0-4163-b59f-5c89040dd807", "isDeleted:":"true", "version":"1684281422469"}}
{"logTime": "0517/011818", "correlationVector":"X4/qmxwDHdFPcC6xn2RNw6.116","action":"GetUpdates", "result":"DeleteReceived", "context":{"id":"83480fd7-2b1b-4d26-b3e7-1fd5764716b4", "isDeleted:":"true", "version":"1684281927329"}}
{"logTime": "0517/011818", "correlationVector":"X4/qmxwDHdFPcC6xn2RNw6.117","action":"GetUpdates", "result":"DeleteReceived", "context":{"id":"cbea1190-39f5-420c-9582-2abca86ad61c", "isDeleted:":"true", "version":"1684284176784"}}
{"logTime": "0517/011818", "correlationVector":"X4/qmxwDHdFPcC6xn2RNw6.118","action":"GetUpdates", "result":"DeleteReceived", "context":{"id":"b98cb9a0-3103-48c6-939b-12281a2844b9", "isDeleted:":"true", "version":"1684285062202"}}
{"logTime": "0517/011818", "correlationVector":"X4/qmxwDHdFPcC6xn2RNw6.119","action":"GetUpdates", "result":"DeleteReceived", "context":{"id":"ac9ad41d-3587-4498-aae3-d43f929e9225", "isDeleted:":"true", "version":"1684285062203"}}
{"logTime": "0517/011818", "correlationVector":"X4/qmxwDHdFPcC6xn2RNw6.120","action":"GetUpdates", "result":"DeleteReceived", "context":{"id":"396f85a8-c632-482f-b508-f45531e81dc3", "isDeleted:":"true", "version":"1684285062204"}}
{"logTime": "0517/011818", "correlationVector":"X4/qmxwDHdFPcC6xn2RNw6.121","action":"GetUpdates", "result":"DeleteReceived", "context":{"id":"7018e3b7-738c-47a1-8c4a-5b0b2c17ed89", "isDeleted:":"true", "version":"1684285062206"}}
{"logTime": "0517/011818", "correlationVector":"X4/qmxwDHdFPcC6xn2RNw6.122","action":"GetUpdates", "result":"DeleteReceived", "context":{"id":"a4e5ddb2-7ef6-4a9d-a0a1-52b92f7f6463", "isDeleted:":"true", "version":"1684285062207"}}
{"logTime": "0517/011818", "correlationVector":"X4/qmxwDHdFPcC6xn2RNw6.123","action":"GetUpdates", "result":"DeleteReceived", "context":{"id":"85b7ded0-914f-429a-9412-d1d1459c5ef7", "isDeleted:":"true", "version":"1684285452094"}}
{"logTime": "0517/011818", "correlationVector":"X4/qmxwDHdFPcC6xn2RNw6.124","action":"GetUpdates", "result":"DeleteReceived", "context":{"id":"085ae5af-b5d3-4916-8b70-dcf67df13207", "isDeleted:":"true", "version":"1684286288841"}}
{"logTime": "0517/011818", "correlationVector":"X4/qmxwDHdFPcC6xn2RNw6.125","action":"GetUpdates Response", "result":"SYNCER_OK", "context":Received 140 update(s). cV=X4/qmxwDHdFPcC6xn2RNw6.0;server=GENERAL0100001E;cloudType=Consumer;environment=Prod_SoutheastAsia_000j;migrationStage=NotStarted}
{"logTime": "0517/011818", "correlationVector":"FTUAYsRs29GHE2St7XpISC","action":"Commit Request", "result":"", "context":Item count: 1
Contributing types: Sessions}
{"logTime": "0517/011818", "correlationVector":"FTUAYsRs29GHE2St7XpISC.1","action":"SyncServerConnectionManagerRequest", "result":"SYNC_SERVER_OK", "context":{"environment":"Prod_SoutheastAsia_000j", "migrationStage":"NotStarted", "server":"GENERAL01000017"}}
{"logTime": "0517/011818", "correlationVector":"FTUAYsRs29GHE2St7XpISC.2","action":"Commit Response", "result":"SYNCER_OK", "context":Result: SYNCER_OK. cV=FTUAYsRs29GHE2St7XpISC.0;server=GENERAL01000017;cloudType=Consumer;environment=Prod_SoutheastAsia_000j;migrationStage=NotStarted}
{"logTime": "0517/011848", "correlationVector":"hFh+wqV4tSwu1PlZAavWm4","action":"Normal GetUpdate request", "result":"", "context":cV=hFh+wqV4tSwu1PlZAavWm4
Nudged types: Sessions}
{"logTime": "0517/011848", "correlationVector":"hFh+wqV4tSwu1PlZAavWm4.1","action":"SyncServerConnectionManagerRequest", "result":"SYNC_SERVER_OK", "context":{"environment":"Prod_SoutheastAsia_000j", "migrationStage":"NotStarted", "server":"GENERAL01000015"}}
{"logTime": "0517/011848", "correlationVector":"hFh+wqV4tSwu1PlZAavWm4.2","action":"GetUpdates Response", "result":"SYNCER_OK", "context":Received 1 update(s). cV=hFh+wqV4tSwu1PlZAavWm4.0;server=GENERAL01000015;cloudType=Consumer;environment=Prod_SoutheastAsia_000j;migrationStage=NotStarted}
{"logTime": "0517/012840", "correlationVector":"m4MDYnaAqfaqipGBcOsCAq","action":"Poll GetUpdate request", "result":"", "context":cV=m4MDYnaAqfaqipGBcOsCAq}
{"logTime": "0517/012840", "correlationVector":"m4MDYnaAqfaqipGBcOsCAq.1","action":"SyncServerConnectionManagerRequest", "result":"SYNC_SERVER_OK", "context":{"environment":"Prod_SoutheastAsia_000j", "migrationStage":"NotStarted", "server":"GENERAL0100000S"}}
{"logTime": "0517/012840", "correlationVector":"m4MDYnaAqfaqipGBcOsCAq.2","action":"GetUpdates Response", "result":"SYNCER_OK", "context":Received 0 update(s). cV=m4MDYnaAqfaqipGBcOsCAq.0;server=GENERAL0100000S;cloudType=Consumer;environment=Prod_SoutheastAsia_000j;migrationStage=NotStarted}
{"logTime": "0517/035040", "correlationVector":"GnZIv2ENg6MzXYZUuLlPpo","action":"Commit Request", "result":"", "context":Item count: 1
Contributing types: Sessions}
{"logTime": "0517/035040", "correlationVector":"GnZIv2ENg6MzXYZUuLlPpo.1","action":"SyncServerConnectionManagerRequest", "result":"SYNC_AUTH_ERROR", "context":{"environment":"Prod_SoutheastAsia_000j", "migrationStage":"NotStarted", "server":"GENERAL01000014"}}
{"logTime": "0517/035040", "correlationVector":"GnZIv2ENg6MzXYZUuLlPpo.2","action":"Commit Response", "result":"SYNC_AUTH_ERROR (HTTP 401)", "context":Result: SYNC_AUTH_ERROR (HTTP 401). cV=GnZIv2ENg6MzXYZUuLlPpo.0;server=GENERAL01000014;cloudType=Undetermined;environment=Prod_SoutheastAsia_000j;migrationStage=NotStarted}
{"logTime": "0517/035125", "correlationVector":"rSQGnhrXvmkowL9XbN+/Lk","action":"Commit Request", "result":"", "context":Item count: 1
Contributing types: Sessions}
{"logTime": "0517/035126", "correlationVector":"rSQGnhrXvmkowL9XbN+/Lk.1","action":"SyncServerConnectionManagerRequest", "result":"SYNC_SERVER_OK", "context":{"environment":"Prod_SoutheastAsia_000j", "migrationStage":"NotStarted", "server":"GENERAL0100000Z"}}
{"logTime": "0517/035126", "correlationVector":"rSQGnhrXvmkowL9XbN+/Lk.2","action":"Commit Response", "result":"SYNCER_OK", "context":Result: SYNCER_OK. cV=rSQGnhrXvmkowL9XbN+/Lk.0;server=GENERAL0100000Z;cloudType=Consumer;environment=Prod_SoutheastAsia_000j;migrationStage=NotStarted}
{"logTime": "0517/035828", "correlationVector":"GzPfBvi9kaECBEn14Bwge1","action":"Normal GetUpdate request", "result":"", "context":cV=GzPfBvi9kaECBEn14Bwge1
Notified types: Typed URLs}
{"logTime": "0517/035829", "correlationVector":"GzPfBvi9kaECBEn14Bwge1.1","action":"SyncServerConnectionManagerRequest", "result":"SYNC_SERVER_OK", "context":{"environment":"Prod_SoutheastAsia_000j", "migrationStage":"NotStarted", "server":"GENERAL01000006"}}
{"logTime": "0517/035829", "correlationVector":"GzPfBvi9kaECBEn14Bwge1.2","action":"GetUpdates", "result":"DeleteReceived", "context":{"id":"b98cb9a0-3103-48c6-939b-12281a2844b9", "isDeleted:":"true", "version":"1684295907812"}}
{"logTime": "0517/035829", "correlationVector":"GzPfBvi9kaECBEn14Bwge1.3","action":"GetUpdates Response", "result":"SYNCER_OK", "context":Received 5 update(s). cV=GzPfBvi9kaECBEn14Bwge1.0;server=GENERAL01000006;cloudType=Consumer;environment=Prod_SoutheastAsia_000j;migrationStage=NotStarted}
{"logTime": "0517/040210", "correlationVector":"Fe4isAvW4Y2Mr29K8FhU8O","action":"Commit Request", "result":"", "context":Item count: 1
Contributing types: Sessions}
{"logTime": "0517/040211", "correlationVector":"Fe4isAvW4Y2Mr29K8FhU8O.1","action":"SyncServerConnectionManagerRequest", "result":"SYNC_SERVER_OK", "context":{"environment":"Prod_SoutheastAsia_000j", "migrationStage":"NotStarted", "server":"general01000013"}}
{"logTime": "0517/040211", "correlationVector":"Fe4isAvW4Y2Mr29K8FhU8O.2","action":"Commit Response", "result":"SYNCER_OK", "context":Result: SYNCER_OK. cV=Fe4isAvW4Y2Mr29K8FhU8O.0;server=general01000013;cloudType=Consumer;environment=Prod_SoutheastAsia_000j;migrationStage=NotStarted}
{"logTime": "0517/040319", "correlationVector":"Fvv9KfvVyt4WvqXgO0LV+r","action":"Commit Request", "result":"", "context":Item count: 1
Contributing types: Sessions}
{"logTime": "0517/040319", "correlationVector":"Fvv9KfvVyt4WvqXgO0LV+r.1","action":"SyncServerConnectionManagerRequest", "result":"SYNC_SERVER_OK", "context":{"environment":"Prod_SoutheastAsia_000j", "migrationStage":"NotStarted", "server":"GENERAL0100000H"}}
{"logTime": "0517/040319", "correlationVector":"Fvv9KfvVyt4WvqXgO0LV+r.2","action":"Commit Response", "result":"SYNCER_OK", "context":Result: SYNCER_OK. cV=Fvv9KfvVyt4WvqXgO0LV+r.0;server=GENERAL0100000H;cloudType=Consumer;environment=Prod_SoutheastAsia_000j;migrationStage=NotStarted}
{"logTime": "0517/040419", "correlationVector":"g6P2rVzsd0i92sGCVm30s7","action":"Commit Request", "result":"", "context":Item count: 1
Contributing types: Sessions}
{"logTime": "0517/040420", "correlationVector":"g6P2rVzsd0i92sGCVm30s7.1","action":"SyncServerConnectionManagerRequest", "result":"SYNC_SERVER_OK", "context":{"environment":"Prod_SoutheastAsia_000j", "migrationStage":"NotStarted", "server":"GENERAL01000007"}}
{"logTime": "0517/040420", "correlationVector":"g6P2rVzsd0i92sGCVm30s7.2","action":"Commit Response", "result":"SYNCER_OK", "context":Result: SYNCER_OK. cV=g6P2rVzsd0i92sGCVm30s7.0;server=GENERAL01000007;cloudType=Consumer;environment=Prod_SoutheastAsia_000j;migrationStage=NotStarted}
{"logTime": "0517/041252", "correlationVector":"Zubw2p0iNHiOm2oM+NSgjs","action":"Commit Request", "result":"", "context":Item count: 1
Contributing types: Sessions}
{"logTime": "0517/041253", "correlationVector":"Zubw2p0iNHiOm2oM+NSgjs.1","action":"SyncServerConnectionManagerRequest", "result":"SYNC_SERVER_OK", "context":{"environment":"Prod_SoutheastAsia_000j", "migrationStage":"NotStarted", "server":"GENERAL0100000Z"}}
{"logTime": "0517/041253", "correlationVector":"Zubw2p0iNHiOm2oM+NSgjs.2","action":"Commit Response", "result":"SYNCER_OK", "context":Result: SYNCER_OK. cV=Zubw2p0iNHiOm2oM+NSgjs.0;server=GENERAL0100000Z;cloudType=Consumer;environment=Prod_SoutheastAsia_000j;migrationStage=NotStarted}
{"logTime": "0517/041334", "correlationVector":"+O+o6hPkcLIiqVJaDxelQa","action":"Commit Request", "result":"", "context":Item count: 1
Contributing types: Sessions}
{"logTime": "0517/041334", "correlationVector":"+O+o6hPkcLIiqVJaDxelQa.1","action":"SyncServerConnectionManagerRequest", "result":"SYNC_SERVER_OK", "context":{"environment":"Prod_SoutheastAsia_000j", "migrationStage":"NotStarted", "server":"GENERAL0100000T"}}
{"logTime": "0517/041334", "correlationVector":"+O+o6hPkcLIiqVJaDxelQa.2","action":"Commit Response", "result":"SYNCER_OK", "context":Result: SYNCER_OK. cV=+O+o6hPkcLIiqVJaDxelQa.0;server=GENERAL0100000T;cloudType=Consumer;environment=Prod_SoutheastAsia_000j;migrationStage=NotStarted}
{"logTime": "0517/041435", "correlationVector":"YuGLEKH1bWxcu+Fgeqa9nI","action":"Commit Request", "result":"", "context":Item count: 1
Contributing types: Sessions}
{"logTime": "0517/041436", "correlationVector":"YuGLEKH1bWxcu+Fgeqa9nI.1","action":"SyncServerConnectionManagerRequest", "result":"SYNC_SERVER_OK", "context":{"environment":"Prod_SoutheastAsia_000j", "migrationStage":"NotStarted", "server":"GENERAL0100000A"}}
{"logTime": "0517/041436", "correlationVector":"YuGLEKH1bWxcu+Fgeqa9nI.2","action":"Commit Response", "result":"SYNCER_OK", "context":Result: SYNCER_OK. cV=YuGLEKH1bWxcu+Fgeqa9nI.0;server=GENERAL0100000A;cloudType=Consumer;environment=Prod_SoutheastAsia_000j;migrationStage=NotStarted}
{"logTime": "0517/041522", "correlationVector":"V4MtvWszTfNhAIdd+CRRlP","action":"Commit Request", "result":"", "context":Item count: 1
Contributing types: Sessions}
{"logTime": "0517/041522", "correlationVector":"V4MtvWszTfNhAIdd+CRRlP.1","action":"SyncServerConnectionManagerRequest", "result":"SYNC_SERVER_OK", "context":{"environment":"Prod_SoutheastAsia_000j", "migrationStage":"NotStarted", "server":"GENERAL0100000X"}}
{"logTime": "0517/041522", "correlationVector":"V4MtvWszTfNhAIdd+CRRlP.2","action":"Commit Response", "result":"SYNCER_OK", "context":Result: SYNCER_OK. cV=V4MtvWszTfNhAIdd+CRRlP.0;server=GENERAL0100000X;cloudType=Consumer;environment=Prod_SoutheastAsia_000j;migrationStage=NotStarted}
{"logTime": "0517/041757", "correlationVector":"6mSBT8YhW6zELFaARFaebR","action":"Commit Request", "result":"", "context":Item count: 1
Contributing types: Sessions}
{"logTime": "0517/041758", "correlationVector":"6mSBT8YhW6zELFaARFaebR.1","action":"SyncServerConnectionManagerRequest", "result":"SYNC_SERVER_OK", "context":{"environment":"Prod_SoutheastAsia_000j", "migrationStage":"NotStarted", "server":"GENERAL0100001C"}}
{"logTime": "0517/041758", "correlationVector":"6mSBT8YhW6zELFaARFaebR.2","action":"Commit Response", "result":"SYNCER_OK", "context":Result: SYNCER_OK. cV=6mSBT8YhW6zELFaARFaebR.0;server=GENERAL0100001C;cloudType=Consumer;environment=Prod_SoutheastAsia_000j;migrationStage=NotStarted}
{"logTime": "0517/042718", "correlationVector":"qGeQ2tS9/3gjnsfyHcJaZv","action":"Normal GetUpdate request", "result":"", "context":cV=qGeQ2tS9/3gjnsfyHcJaZv
Notified types: Typed URLs}
{"logTime": "0517/042718", "correlationVector":"qGeQ2tS9/3gjnsfyHcJaZv.1","action":"SyncServerConnectionManagerRequest", "result":"SYNC_SERVER_OK", "context":{"environment":"Prod_SoutheastAsia_000j", "migrationStage":"NotStarted", "server":"GENERAL0100001I"}}
{"logTime": "0517/042718", "correlationVector":"qGeQ2tS9/3gjnsfyHcJaZv.2","action":"GetUpdates Response", "result":"SYNCER_OK", "context":Received 7 update(s). cV=qGeQ2tS9/3gjnsfyHcJaZv.0;server=GENERAL0100001I;cloudType=Consumer;environment=Prod_SoutheastAsia_000j;migrationStage=NotStarted}
{"logTime": "0517/042851", "correlationVector":"4/ezGJMdthvcwHZ07SegTo","action":"Commit Request", "result":"", "context":Item count: 1
Contributing types: Sessions}
{"logTime": "0517/042851", "correlationVector":"4/ezGJMdthvcwHZ07SegTo.1","action":"SyncServerConnectionManagerRequest", "result":"SYNC_SERVER_OK", "context":{"environment":"Prod_SoutheastAsia_000j", "migrationStage":"NotStarted", "server":"general0100000I"}}
{"logTime": "0517/042851", "correlationVector":"4/ezGJMdthvcwHZ07SegTo.2","action":"Commit Response", "result":"SYNCER_OK", "context":Result: SYNCER_OK. cV=4/ezGJMdthvcwHZ07SegTo.0;server=general0100000I;cloudType=Consumer;environment=Prod_SoutheastAsia_000j;migrationStage=NotStarted}
{"logTime": "0517/044339", "correlationVector":"ymA4uwup8xetPwrZ1KJZQC","action":"Normal GetUpdate request", "result":"", "context":cV=ymA4uwup8xetPwrZ1KJZQC
Notified types: Device Info}
{"logTime": "0517/044340", "correlationVector":"ymA4uwup8xetPwrZ1KJZQC.1","action":"SyncServerConnectionManagerRequest", "result":"SYNC_SERVER_OK", "context":{"environment":"Prod_SoutheastAsia_000j", "migrationStage":"NotStarted", "server":"general0100000F"}}
{"logTime": "0517/044340", "correlationVector":"ymA4uwup8xetPwrZ1KJZQC.2","action":"GetUpdates Response", "result":"SYNCER_OK", "context":Received 3 update(s). cV=ymA4uwup8xetPwrZ1KJZQC.0;server=general0100000F;cloudType=Consumer;environment=Prod_SoutheastAsia_000j;migrationStage=NotStarted}
